Loading config from config.yaml...
============================================================
Unified Transformer Training
============================================================
Experiments: ['exp1', 'exp2', 'exp3', 'exp4', 'exp5', 'exp6', 'exp7', 'exp8', 'exp9']
Device: cuda
Fitting standardizer on ./train_highdim/exp1...
Detected 100 biomarkers.

============================================================
>>> TRAINING ON exp1
============================================================
Fitting standardizer on ./train_highdim/exp1...
Training files: 950, Validation files: 50
Loading 950 files...
Loaded 950 valid datasets.
Using UnifiedTransformer (n_bio=100)
Epoch 001 | Loss: 0.5098 (R:0.0628 P:0.5651 S:0.195898) | Val Tau: 0.7184 | Val MAE: 36.55
  ^ New best!
Epoch 002 | Loss: 0.4564 (R:0.0451 P:0.5084 S:0.179655) | Val Tau: 0.7480 | Val MAE: 35.18
  ^ New best!
Epoch 003 | Loss: 0.4351 (R:0.0432 P:0.5008 S:0.163117) | Val Tau: 0.8007 | Val MAE: 33.65
  ^ New best!
Epoch 004 | Loss: 0.4168 (R:0.0416 P:0.4981 S:0.146985) | Val Tau: 0.7938 | Val MAE: 32.09
Epoch 005 | Loss: 0.4003 (R:0.0407 P:0.4957 S:0.132093) | Val Tau: 0.8065 | Val MAE: 30.32
  ^ New best!
Epoch 006 | Loss: 0.3858 (R:0.0397 P:0.4948 S:0.118614) | Val Tau: 0.8075 | Val MAE: 29.45
  ^ New best!
Epoch 007 | Loss: 0.3722 (R:0.0396 P:0.4932 S:0.105805) | Val Tau: 0.8253 | Val MAE: 23.27
  ^ New best!
Epoch 008 | Loss: 0.3483 (R:0.0392 P:0.4915 S:0.082920) | Val Tau: 0.8278 | Val MAE: 20.62
  ^ New best!
Epoch 009 | Loss: 0.3352 (R:0.0388 P:0.4930 S:0.069307) | Val Tau: 0.8287 | Val MAE: 19.06
  ^ New best!
Epoch 010 | Loss: 0.3225 (R:0.0390 P:0.4900 S:0.058015) | Val Tau: 0.8286 | Val MAE: 16.66
Epoch 011 | Loss: 0.3126 (R:0.0392 P:0.4879 S:0.049015) | Val Tau: 0.8337 | Val MAE: 15.24
  ^ New best!
Epoch 012 | Loss: 0.3071 (R:0.0383 P:0.4916 S:0.042108) | Val Tau: 0.8375 | Val MAE: 13.88
  ^ New best!
Epoch 013 | Loss: 0.3015 (R:0.0384 P:0.4906 S:0.036983) | Val Tau: 0.8287 | Val MAE: 12.87
Epoch 014 | Loss: 0.2977 (R:0.0384 P:0.4901 S:0.033453) | Val Tau: 0.8311 | Val MAE: 12.42
Epoch 015 | Loss: 0.2942 (R:0.0391 P:0.4869 S:0.031228) | Val Tau: 0.8380 | Val MAE: 12.17
  ^ New best!
Epoch 016 | Loss: 0.2933 (R:0.0381 P:0.4885 S:0.029986) | Val Tau: 0.8394 | Val MAE: 11.92
  ^ New best!
Epoch 017 | Loss: 0.2924 (R:0.0385 P:0.4870 S:0.029635) | Val Tau: 0.8235 | Val MAE: 11.85
Epoch 018 | Loss: 0.2912 (R:0.0385 P:0.4857 S:0.029120) | Val Tau: 0.8300 | Val MAE: 11.85
Epoch 019 | Loss: 0.2922 (R:0.0380 P:0.4883 S:0.029009) | Val Tau: 0.8227 | Val MAE: 11.51
Epoch 020 | Loss: 0.2882 (R:0.0380 P:0.4880 S:0.025165) | Val Tau: 0.8367 | Val MAE: 7.75
Epoch 021 | Loss: 0.2765 (R:0.0375 P:0.4897 S:0.012876) | Val Tau: 0.8446 | Val MAE: 6.25
  ^ New best!
Epoch 022 | Loss: 0.2728 (R:0.0378 P:0.4891 S:0.009344) | Val Tau: 0.8268 | Val MAE: 5.33
Epoch 023 | Loss: 0.2693 (R:0.0381 P:0.4862 S:0.007122) | Val Tau: 0.8367 | Val MAE: 4.53
Epoch 024 | Loss: 0.2695 (R:0.0373 P:0.4903 S:0.005747) | Val Tau: 0.8396 | Val MAE: 4.21
Epoch 025 | Loss: 0.2683 (R:0.0373 P:0.4897 S:0.004801) | Val Tau: 0.8466 | Val MAE: 3.72
  ^ New best!
Epoch 026 | Loss: 0.2664 (R:0.0379 P:0.4865 S:0.004127) | Val Tau: 0.8446 | Val MAE: 3.57
Epoch 027 | Loss: 0.2661 (R:0.0378 P:0.4872 S:0.003632) | Val Tau: 0.8390 | Val MAE: 3.36
Epoch 028 | Loss: 0.2657 (R:0.0374 P:0.4875 S:0.003273) | Val Tau: 0.8364 | Val MAE: 3.17
Epoch 029 | Loss: 0.2666 (R:0.0373 P:0.4900 S:0.002984) | Val Tau: 0.8391 | Val MAE: 3.12
Epoch 030 | Loss: 0.2655 (R:0.0374 P:0.4880 S:0.002763) | Val Tau: 0.8351 | Val MAE: 3.15
Epoch 031 | Loss: 0.2650 (R:0.0373 P:0.4876 S:0.002582) | Val Tau: 0.8361 | Val MAE: 2.89
Epoch 032 | Loss: 0.2649 (R:0.0372 P:0.4878 S:0.002441) | Val Tau: 0.8436 | Val MAE: 2.93
Epoch 033 | Loss: 0.2637 (R:0.0378 P:0.4850 S:0.002323) | Val Tau: 0.8427 | Val MAE: 2.86
Epoch 034 | Loss: 0.2647 (R:0.0371 P:0.4879 S:0.002234) | Val Tau: 0.8401 | Val MAE: 2.83
Epoch 035 | Loss: 0.2650 (R:0.0373 P:0.4884 S:0.002153) | Val Tau: 0.8404 | Val MAE: 2.75
Epoch 036 | Loss: 0.2636 (R:0.0374 P:0.4857 S:0.002086) | Val Tau: 0.8486 | Val MAE: 2.76
  ^ New best!
Epoch 037 | Loss: 0.2646 (R:0.0370 P:0.4882 S:0.002022) | Val Tau: 0.8467 | Val MAE: 2.76
Epoch 038 | Loss: 0.2651 (R:0.0368 P:0.4895 S:0.001970) | Val Tau: 0.8392 | Val MAE: 2.75
Epoch 039 | Loss: 0.2641 (R:0.0372 P:0.4872 S:0.001919) | Val Tau: 0.8479 | Val MAE: 2.75
Epoch 040 | Loss: 0.2655 (R:0.0365 P:0.4908 S:0.001880) | Val Tau: 0.8440 | Val MAE: 2.82
Epoch 041 | Loss: 0.2638 (R:0.0370 P:0.4870 S:0.001834) | Val Tau: 0.8462 | Val MAE: 2.75
Epoch 042 | Loss: 0.2646 (R:0.0369 P:0.4887 S:0.001809) | Val Tau: 0.8435 | Val MAE: 2.70
Epoch 043 | Loss: 0.2640 (R:0.0371 P:0.4873 S:0.001772) | Val Tau: 0.8461 | Val MAE: 2.78
Epoch 044 | Loss: 0.2644 (R:0.0368 P:0.4885 S:0.001734) | Val Tau: 0.8269 | Val MAE: 2.76
Epoch 045 | Loss: 0.2641 (R:0.0367 P:0.4882 S:0.001707) | Val Tau: 0.8459 | Val MAE: 2.78
Epoch 046 | Loss: 0.2640 (R:0.0368 P:0.4878 S:0.001669) | Val Tau: 0.8423 | Val MAE: 2.72
Epoch 047 | Loss: 0.2643 (R:0.0369 P:0.4884 S:0.001641) | Val Tau: 0.8346 | Val MAE: 2.75
Epoch 048 | Loss: 0.2637 (R:0.0364 P:0.4878 S:0.001599) | Val Tau: 0.8413 | Val MAE: 2.69
Epoch 049 | Loss: 0.2634 (R:0.0366 P:0.4871 S:0.001578) | Val Tau: 0.8497 | Val MAE: 2.69
  ^ New best!
Epoch 050 | Loss: 0.2641 (R:0.0362 P:0.4888 S:0.001565) | Val Tau: 0.8468 | Val MAE: 2.64
Best Val Tau: 0.8497 | Best Val MAE: 2.69
  exp1: 00:43:36
Saved ./models_highdim/exp1_final_model.pth

============================================================
>>> TRAINING ON exp2
============================================================
Fitting standardizer on ./train_highdim/exp2...
Training files: 950, Validation files: 50
Loading 950 files...
Loaded 950 valid datasets.
Using UnifiedTransformer (n_bio=100)
Epoch 001 | Loss: 0.5551 (R:0.0807 P:0.6394 S:0.195127) | Val Tau: 0.5519 | Val MAE: 36.01
  ^ New best!
Epoch 002 | Loss: 0.4828 (R:0.0539 P:0.5491 S:0.181238) | Val Tau: 0.6164 | Val MAE: 35.79
  ^ New best!
Epoch 003 | Loss: 0.4560 (R:0.0493 P:0.5325 S:0.165125) | Val Tau: 0.6478 | Val MAE: 33.64
  ^ New best!
Epoch 004 | Loss: 0.4361 (R:0.0477 P:0.5276 S:0.148433) | Val Tau: 0.6724 | Val MAE: 32.38
  ^ New best!
Epoch 005 | Loss: 0.4180 (R:0.0459 P:0.5240 S:0.133032) | Val Tau: 0.6986 | Val MAE: 30.82
  ^ New best!
Epoch 006 | Loss: 0.4016 (R:0.0452 P:0.5199 S:0.119037) | Val Tau: 0.7085 | Val MAE: 29.51
  ^ New best!
Epoch 007 | Loss: 0.3873 (R:0.0446 P:0.5160 S:0.106974) | Val Tau: 0.7152 | Val MAE: 27.81
  ^ New best!
Epoch 008 | Loss: 0.3728 (R:0.0437 P:0.5153 S:0.093246) | Val Tau: 0.7019 | Val MAE: 21.39
Epoch 009 | Loss: 0.3481 (R:0.0439 P:0.5104 S:0.070953) | Val Tau: 0.7360 | Val MAE: 18.81
  ^ New best!
Epoch 010 | Loss: 0.3353 (R:0.0437 P:0.5089 S:0.059041) | Val Tau: 0.7296 | Val MAE: 16.70
Epoch 011 | Loss: 0.3258 (R:0.0433 P:0.5092 S:0.049507) | Val Tau: 0.7392 | Val MAE: 15.18
  ^ New best!
Epoch 012 | Loss: 0.3178 (R:0.0429 P:0.5083 S:0.042258) | Val Tau: 0.7424 | Val MAE: 13.84
  ^ New best!
Epoch 013 | Loss: 0.3124 (R:0.0422 P:0.5085 S:0.037078) | Val Tau: 0.7444 | Val MAE: 12.72
  ^ New best!
Epoch 014 | Loss: 0.3086 (R:0.0421 P:0.5082 S:0.033440) | Val Tau: 0.7476 | Val MAE: 12.27
  ^ New best!
Epoch 015 | Loss: 0.3050 (R:0.0423 P:0.5052 S:0.031240) | Val Tau: 0.7511 | Val MAE: 12.11
  ^ New best!
Epoch 016 | Loss: 0.3039 (R:0.0418 P:0.5061 S:0.029978) | Val Tau: 0.7578 | Val MAE: 11.75
  ^ New best!
Epoch 017 | Loss: 0.3032 (R:0.0420 P:0.5057 S:0.029395) | Val Tau: 0.7543 | Val MAE: 11.67
Epoch 018 | Loss: 0.3004 (R:0.0414 P:0.5058 S:0.026740) | Val Tau: 0.7561 | Val MAE: 8.89
Epoch 019 | Loss: 0.2888 (R:0.0416 P:0.5037 S:0.016118) | Val Tau: 0.7571 | Val MAE: 7.84
Epoch 020 | Loss: 0.2860 (R:0.0414 P:0.5052 S:0.012697) | Val Tau: 0.7583 | Val MAE: 6.90
  ^ New best!
Epoch 021 | Loss: 0.2824 (R:0.0416 P:0.5031 S:0.010080) | Val Tau: 0.7614 | Val MAE: 5.92
  ^ New best!
Epoch 022 | Loss: 0.2819 (R:0.0410 P:0.5063 S:0.008214) | Val Tau: 0.7490 | Val MAE: 5.49
Epoch 023 | Loss: 0.2801 (R:0.0412 P:0.5051 S:0.006976) | Val Tau: 0.7566 | Val MAE: 5.04
Epoch 024 | Loss: 0.2793 (R:0.0404 P:0.5060 S:0.006081) | Val Tau: 0.7625 | Val MAE: 4.93
  ^ New best!
Epoch 025 | Loss: 0.2768 (R:0.0414 P:0.5014 S:0.005424) | Val Tau: 0.7695 | Val MAE: 4.74
  ^ New best!
Epoch 026 | Loss: 0.2769 (R:0.0411 P:0.5029 S:0.004926) | Val Tau: 0.7654 | Val MAE: 4.53
Epoch 027 | Loss: 0.2766 (R:0.0406 P:0.5035 S:0.004535) | Val Tau: 0.7659 | Val MAE: 4.45
Epoch 028 | Loss: 0.2749 (R:0.0412 P:0.5003 S:0.004207) | Val Tau: 0.7573 | Val MAE: 4.35
Epoch 029 | Loss: 0.2763 (R:0.0402 P:0.5045 S:0.003946) | Val Tau: 0.7475 | Val MAE: 4.34
Epoch 030 | Loss: 0.2759 (R:0.0404 P:0.5040 S:0.003733) | Val Tau: 0.7692 | Val MAE: 4.24
Epoch 031 | Loss: 0.2749 (R:0.0399 P:0.5029 S:0.003534) | Val Tau: 0.7637 | Val MAE: 4.19
Epoch 032 | Loss: 0.2744 (R:0.0406 P:0.5015 S:0.003371) | Val Tau: 0.7673 | Val MAE: 4.21
Epoch 033 | Loss: 0.2745 (R:0.0401 P:0.5024 S:0.003232) | Val Tau: 0.7675 | Val MAE: 4.10
Epoch 034 | Loss: 0.2744 (R:0.0403 P:0.5022 S:0.003105) | Val Tau: 0.7725 | Val MAE: 4.14
  ^ New best!
Epoch 035 | Loss: 0.2746 (R:0.0397 P:0.5035 S:0.002992) | Val Tau: 0.7730 | Val MAE: 4.20
  ^ New best!
Epoch 036 | Loss: 0.2735 (R:0.0405 P:0.5008 S:0.002894) | Val Tau: 0.7688 | Val MAE: 4.10
Epoch 037 | Loss: 0.2744 (R:0.0398 P:0.5034 S:0.002793) | Val Tau: 0.7714 | Val MAE: 4.15
Epoch 038 | Loss: 0.2723 (R:0.0400 P:0.4992 S:0.002703) | Val Tau: 0.7688 | Val MAE: 4.17
Epoch 039 | Loss: 0.2746 (R:0.0394 P:0.5045 S:0.002626) | Val Tau: 0.7742 | Val MAE: 4.13
  ^ New best!
Epoch 040 | Loss: 0.2715 (R:0.0404 P:0.4975 S:0.002562) | Val Tau: 0.7806 | Val MAE: 4.11
  ^ New best!
Epoch 041 | Loss: 0.2727 (R:0.0397 P:0.5007 S:0.002492) | Val Tau: 0.7828 | Val MAE: 4.13
  ^ New best!
Epoch 042 | Loss: 0.2736 (R:0.0395 P:0.5027 S:0.002430) | Val Tau: 0.7754 | Val MAE: 4.16
Epoch 043 | Loss: 0.2717 (R:0.0399 P:0.4988 S:0.002372) | Val Tau: 0.7687 | Val MAE: 4.17
Epoch 044 | Loss: 0.2716 (R:0.0397 P:0.4988 S:0.002313) | Val Tau: 0.7620 | Val MAE: 4.12
Epoch 045 | Loss: 0.2723 (R:0.0396 P:0.5004 S:0.002267) | Val Tau: 0.7735 | Val MAE: 4.21
Epoch 046 | Loss: 0.2713 (R:0.0397 P:0.4985 S:0.002211) | Val Tau: 0.7767 | Val MAE: 4.20
Epoch 047 | Loss: 0.2729 (R:0.0391 P:0.5023 S:0.002172) | Val Tau: 0.7843 | Val MAE: 4.22
  ^ New best!
Epoch 048 | Loss: 0.2723 (R:0.0392 P:0.5012 S:0.002134) | Val Tau: 0.7723 | Val MAE: 4.23
Epoch 049 | Loss: 0.2712 (R:0.0395 P:0.4987 S:0.002082) | Val Tau: 0.7857 | Val MAE: 4.21
  ^ New best!
Epoch 050 | Loss: 0.2718 (R:0.0393 P:0.5001 S:0.002051) | Val Tau: 0.7825 | Val MAE: 4.19
Best Val Tau: 0.7857 | Best Val MAE: 4.21
  exp2: 00:47:53
Saved ./models_highdim/exp2_final_model.pth

============================================================
>>> TRAINING ON exp3
============================================================
Fitting standardizer on ./train_highdim/exp3...
Training files: 950, Validation files: 50
Loading 950 files...
Loaded 950 valid datasets.
Using UnifiedTransformer (n_bio=100)
Epoch 001 | Loss: 0.5585 (R:0.0649 P:0.5838 S:0.234182) | Val Tau: 0.7386 | Val MAE: 36.57
  ^ New best!
Epoch 002 | Loss: 0.4927 (R:0.0463 P:0.5029 S:0.218031) | Val Tau: 0.8018 | Val MAE: 35.79
  ^ New best!
Epoch 003 | Loss: 0.4702 (R:0.0420 P:0.4970 S:0.200657) | Val Tau: 0.8092 | Val MAE: 34.32
  ^ New best!
Epoch 004 | Loss: 0.4528 (R:0.0412 P:0.4959 S:0.184300) | Val Tau: 0.8359 | Val MAE: 33.20
  ^ New best!
Epoch 005 | Loss: 0.4356 (R:0.0400 P:0.4934 S:0.168876) | Val Tau: 0.8252 | Val MAE: 32.04
Epoch 006 | Loss: 0.4224 (R:0.0392 P:0.4957 S:0.154935) | Val Tau: 0.8149 | Val MAE: 31.03
Epoch 007 | Loss: 0.3973 (R:0.0397 P:0.4909 S:0.131962) | Val Tau: 0.8401 | Val MAE: 24.12
  ^ New best!
Epoch 008 | Loss: 0.3771 (R:0.0396 P:0.4903 S:0.112230) | Val Tau: 0.8294 | Val MAE: 22.02
Epoch 009 | Loss: 0.3603 (R:0.0391 P:0.4892 S:0.096164) | Val Tau: 0.8462 | Val MAE: 19.81
  ^ New best!
Epoch 010 | Loss: 0.3460 (R:0.0388 P:0.4896 S:0.081756) | Val Tau: 0.8349 | Val MAE: 18.13
Epoch 011 | Loss: 0.3330 (R:0.0382 P:0.4899 S:0.068944) | Val Tau: 0.8406 | Val MAE: 16.08
Epoch 012 | Loss: 0.3213 (R:0.0386 P:0.4887 S:0.057724) | Val Tau: 0.8399 | Val MAE: 14.44
Epoch 013 | Loss: 0.3110 (R:0.0385 P:0.4876 S:0.047944) | Val Tau: 0.8599 | Val MAE: 13.26
  ^ New best!
Epoch 014 | Loss: 0.3034 (R:0.0382 P:0.4895 S:0.039498) | Val Tau: 0.8466 | Val MAE: 11.85
Epoch 015 | Loss: 0.2956 (R:0.0380 P:0.4888 S:0.032239) | Val Tau: 0.8565 | Val MAE: 10.26
Epoch 016 | Loss: 0.2903 (R:0.0378 P:0.4905 S:0.026135) | Val Tau: 0.8403 | Val MAE: 9.39
Epoch 017 | Loss: 0.2843 (R:0.0378 P:0.4889 S:0.020965) | Val Tau: 0.8595 | Val MAE: 8.08
Epoch 018 | Loss: 0.2800 (R:0.0376 P:0.4890 S:0.016714) | Val Tau: 0.8607 | Val MAE: 7.19
  ^ New best!
Epoch 019 | Loss: 0.2763 (R:0.0375 P:0.4885 S:0.013269) | Val Tau: 0.8482 | Val MAE: 6.50
Epoch 020 | Loss: 0.2728 (R:0.0382 P:0.4863 S:0.010518) | Val Tau: 0.8564 | Val MAE: 5.93
Epoch 021 | Loss: 0.2713 (R:0.0375 P:0.4884 S:0.008353) | Val Tau: 0.8365 | Val MAE: 5.27
Epoch 022 | Loss: 0.2694 (R:0.0379 P:0.4875 S:0.006680) | Val Tau: 0.8553 | Val MAE: 4.65
Epoch 023 | Loss: 0.2681 (R:0.0375 P:0.4877 S:0.005421) | Val Tau: 0.8606 | Val MAE: 4.36
Epoch 024 | Loss: 0.2670 (R:0.0373 P:0.4877 S:0.004473) | Val Tau: 0.8638 | Val MAE: 3.90
  ^ New best!
Epoch 025 | Loss: 0.2656 (R:0.0379 P:0.4857 S:0.003782) | Val Tau: 0.8618 | Val MAE: 3.61
Epoch 026 | Loss: 0.2656 (R:0.0376 P:0.4871 S:0.003269) | Val Tau: 0.8594 | Val MAE: 3.35
Epoch 027 | Loss: 0.2651 (R:0.0373 P:0.4871 S:0.002896) | Val Tau: 0.8571 | Val MAE: 3.18
Epoch 028 | Loss: 0.2645 (R:0.0375 P:0.4863 S:0.002620) | Val Tau: 0.8622 | Val MAE: 3.15
Epoch 029 | Loss: 0.2651 (R:0.0371 P:0.4882 S:0.002429) | Val Tau: 0.8612 | Val MAE: 2.99
Epoch 030 | Loss: 0.2643 (R:0.0372 P:0.4869 S:0.002282) | Val Tau: 0.8567 | Val MAE: 2.98
Epoch 031 | Loss: 0.2641 (R:0.0373 P:0.4865 S:0.002177) | Val Tau: 0.8331 | Val MAE: 2.89
Epoch 032 | Loss: 0.2645 (R:0.0370 P:0.4878 S:0.002088) | Val Tau: 0.8621 | Val MAE: 2.76
Epoch 033 | Loss: 0.2642 (R:0.0371 P:0.4873 S:0.002026) | Val Tau: 0.8583 | Val MAE: 2.85
Epoch 034 | Loss: 0.2637 (R:0.0373 P:0.4863 S:0.001962) | Val Tau: 0.8616 | Val MAE: 2.77
Epoch 035 | Loss: 0.2639 (R:0.0373 P:0.4867 S:0.001923) | Val Tau: 0.8558 | Val MAE: 2.74
Epoch 036 | Loss: 0.2631 (R:0.0367 P:0.4856 S:0.001865) | Val Tau: 0.8631 | Val MAE: 2.70
Epoch 037 | Loss: 0.2627 (R:0.0370 P:0.4848 S:0.001842) | Val Tau: 0.8662 | Val MAE: 2.71
  ^ New best!
Epoch 038 | Loss: 0.2631 (R:0.0366 P:0.4860 S:0.001823) | Val Tau: 0.8610 | Val MAE: 2.70
Epoch 039 | Loss: 0.2625 (R:0.0368 P:0.4845 S:0.001801) | Val Tau: 0.8627 | Val MAE: 2.66
Epoch 040 | Loss: 0.2622 (R:0.0369 P:0.4840 S:0.001781) | Val Tau: 0.8538 | Val MAE: 2.72
Epoch 041 | Loss: 0.2624 (R:0.0369 P:0.4844 S:0.001760) | Val Tau: 0.8620 | Val MAE: 2.62
Epoch 042 | Loss: 0.2632 (R:0.0363 P:0.4866 S:0.001743) | Val Tau: 0.8646 | Val MAE: 2.62
Epoch 043 | Loss: 0.2638 (R:0.0362 P:0.4880 S:0.001725) | Val Tau: 0.8644 | Val MAE: 2.62
Epoch 044 | Loss: 0.2640 (R:0.0360 P:0.4887 S:0.001708) | Val Tau: 0.8632 | Val MAE: 2.67
Epoch 045 | Loss: 0.2620 (R:0.0369 P:0.4837 S:0.001691) | Val Tau: 0.8623 | Val MAE: 2.70
Epoch 046 | Loss: 0.2626 (R:0.0366 P:0.4852 S:0.001677) | Val Tau: 0.8582 | Val MAE: 2.63
Epoch 047 | Loss: 0.2631 (R:0.0361 P:0.4869 S:0.001660) | Val Tau: 0.8608 | Val MAE: 2.71
Epoch 048 | Loss: 0.2620 (R:0.0368 P:0.4839 S:0.001644) | Val Tau: 0.8628 | Val MAE: 2.69
Epoch 049 | Loss: 0.2618 (R:0.0366 P:0.4837 S:0.001617) | Val Tau: 0.8661 | Val MAE: 2.70
Epoch 050 | Loss: 0.2620 (R:0.0364 P:0.4844 S:0.001607) | Val Tau: 0.8661 | Val MAE: 2.67
Best Val Tau: 0.8662 | Best Val MAE: 2.71
  exp3: 00:47:40
Saved ./models_highdim/exp3_final_model.pth

============================================================
>>> TRAINING ON exp4
============================================================
Fitting standardizer on ./train_highdim/exp4...
Training files: 950, Validation files: 50
Loading 950 files...
Loaded 950 valid datasets.
Using UnifiedTransformer (n_bio=100)
Epoch 001 | Loss: 0.5995 (R:0.0804 P:0.6547 S:0.231971) | Val Tau: 0.5526 | Val MAE: 36.57
  ^ New best!
Epoch 002 | Loss: 0.5262 (R:0.0573 P:0.5596 S:0.217790) | Val Tau: 0.6331 | Val MAE: 35.77
  ^ New best!
Epoch 003 | Loss: 0.4961 (R:0.0506 P:0.5384 S:0.201631) | Val Tau: 0.6767 | Val MAE: 34.65
  ^ New best!
Epoch 004 | Loss: 0.4752 (R:0.0487 P:0.5316 S:0.185094) | Val Tau: 0.6995 | Val MAE: 33.11
  ^ New best!
Epoch 005 | Loss: 0.4555 (R:0.0475 P:0.5244 S:0.169585) | Val Tau: 0.6963 | Val MAE: 32.20
Epoch 006 | Loss: 0.4404 (R:0.0465 P:0.5230 S:0.155635) | Val Tau: 0.7009 | Val MAE: 31.15
  ^ New best!
Epoch 007 | Loss: 0.4270 (R:0.0461 P:0.5206 S:0.143641) | Val Tau: 0.7210 | Val MAE: 30.28
  ^ New best!
Epoch 008 | Loss: 0.4035 (R:0.0456 P:0.5161 S:0.122615) | Val Tau: 0.7323 | Val MAE: 23.97
  ^ New best!
Epoch 009 | Loss: 0.3874 (R:0.0444 P:0.5182 S:0.106087) | Val Tau: 0.7410 | Val MAE: 23.34
  ^ New best!
Epoch 010 | Loss: 0.3739 (R:0.0442 P:0.5144 S:0.094627) | Val Tau: 0.7301 | Val MAE: 22.19
Epoch 011 | Loss: 0.3657 (R:0.0431 P:0.5171 S:0.085651) | Val Tau: 0.7338 | Val MAE: 20.95
Epoch 012 | Loss: 0.3569 (R:0.0432 P:0.5131 S:0.078743) | Val Tau: 0.7456 | Val MAE: 20.66
  ^ New best!
Epoch 013 | Loss: 0.3506 (R:0.0431 P:0.5104 S:0.073795) | Val Tau: 0.7504 | Val MAE: 20.35
  ^ New best!
Epoch 014 | Loss: 0.3472 (R:0.0427 P:0.5108 S:0.070421) | Val Tau: 0.7561 | Val MAE: 20.18
  ^ New best!
Epoch 015 | Loss: 0.3449 (R:0.0427 P:0.5103 S:0.068475) | Val Tau: 0.7538 | Val MAE: 19.94
Epoch 016 | Loss: 0.3434 (R:0.0421 P:0.5102 S:0.067305) | Val Tau: 0.7697 | Val MAE: 19.72
  ^ New best!
Epoch 017 | Loss: 0.3140 (R:0.0421 P:0.5088 S:0.038521) | Val Tau: 0.7659 | Val MAE: 11.88
Epoch 018 | Loss: 0.3034 (R:0.0415 P:0.5098 S:0.027687) | Val Tau: 0.7701 | Val MAE: 10.36
  ^ New best!
Epoch 019 | Loss: 0.2961 (R:0.0416 P:0.5081 S:0.021211) | Val Tau: 0.7626 | Val MAE: 9.04
Epoch 020 | Loss: 0.2906 (R:0.0415 P:0.5068 S:0.016444) | Val Tau: 0.7508 | Val MAE: 8.06
Epoch 021 | Loss: 0.2873 (R:0.0417 P:0.5069 S:0.012961) | Val Tau: 0.7740 | Val MAE: 7.19
  ^ New best!
Epoch 022 | Loss: 0.2841 (R:0.0408 P:0.5067 S:0.010335) | Val Tau: 0.7741 | Val MAE: 6.58
  ^ New best!
Epoch 023 | Loss: 0.2814 (R:0.0414 P:0.5046 S:0.008450) | Val Tau: 0.7816 | Val MAE: 6.07
  ^ New best!
Epoch 024 | Loss: 0.2798 (R:0.0412 P:0.5044 S:0.007081) | Val Tau: 0.7756 | Val MAE: 5.56
Epoch 025 | Loss: 0.2783 (R:0.0411 P:0.5034 S:0.006100) | Val Tau: 0.7590 | Val MAE: 5.44
Epoch 026 | Loss: 0.2789 (R:0.0405 P:0.5065 S:0.005392) | Val Tau: 0.7856 | Val MAE: 5.06
  ^ New best!
Epoch 027 | Loss: 0.2767 (R:0.0405 P:0.5031 S:0.004880) | Val Tau: 0.7798 | Val MAE: 4.82
Epoch 028 | Loss: 0.2761 (R:0.0408 P:0.5025 S:0.004498) | Val Tau: 0.7704 | Val MAE: 4.67
Epoch 029 | Loss: 0.2751 (R:0.0410 P:0.5006 S:0.004208) | Val Tau: 0.7856 | Val MAE: 4.61
  ^ New best!
Epoch 030 | Loss: 0.2762 (R:0.0401 P:0.5043 S:0.003997) | Val Tau: 0.7842 | Val MAE: 4.64
Epoch 031 | Loss: 0.2762 (R:0.0400 P:0.5049 S:0.003804) | Val Tau: 0.7939 | Val MAE: 4.54
  ^ New best!
Epoch 032 | Loss: 0.2743 (R:0.0403 P:0.5010 S:0.003671) | Val Tau: 0.7794 | Val MAE: 4.42
Epoch 033 | Loss: 0.2739 (R:0.0403 P:0.5004 S:0.003545) | Val Tau: 0.7937 | Val MAE: 4.47
Epoch 034 | Loss: 0.2745 (R:0.0401 P:0.5020 S:0.003434) | Val Tau: 0.7918 | Val MAE: 4.35
Epoch 035 | Loss: 0.2738 (R:0.0403 P:0.5007 S:0.003341) | Val Tau: 0.7843 | Val MAE: 4.39
Epoch 036 | Loss: 0.2736 (R:0.0401 P:0.5005 S:0.003251) | Val Tau: 0.7795 | Val MAE: 4.37
Epoch 037 | Loss: 0.2749 (R:0.0394 P:0.5042 S:0.003168) | Val Tau: 0.7805 | Val MAE: 4.31
Epoch 038 | Loss: 0.2729 (R:0.0399 P:0.4997 S:0.003100) | Val Tau: 0.7890 | Val MAE: 4.33
Epoch 039 | Loss: 0.2725 (R:0.0399 P:0.4990 S:0.003018) | Val Tau: 0.7778 | Val MAE: 4.33
Epoch 040 | Loss: 0.2730 (R:0.0398 P:0.5003 S:0.002958) | Val Tau: 0.7955 | Val MAE: 4.34
  ^ New best!
Epoch 041 | Loss: 0.2729 (R:0.0396 P:0.5005 S:0.002890) | Val Tau: 0.7951 | Val MAE: 4.42
Epoch 042 | Loss: 0.2725 (R:0.0396 P:0.4998 S:0.002840) | Val Tau: 0.8020 | Val MAE: 4.34
  ^ New best!
Epoch 043 | Loss: 0.2727 (R:0.0395 P:0.5003 S:0.002774) | Val Tau: 0.7994 | Val MAE: 4.44
Epoch 044 | Loss: 0.2722 (R:0.0395 P:0.4994 S:0.002738) | Val Tau: 0.7916 | Val MAE: 4.42
Epoch 045 | Loss: 0.2719 (R:0.0395 P:0.4989 S:0.002678) | Val Tau: 0.7944 | Val MAE: 4.41
Epoch 046 | Loss: 0.2714 (R:0.0398 P:0.4977 S:0.002627) | Val Tau: 0.7958 | Val MAE: 4.28
Epoch 047 | Loss: 0.2710 (R:0.0396 P:0.4972 S:0.002573) | Val Tau: 0.7941 | Val MAE: 4.38
Epoch 048 | Loss: 0.2726 (R:0.0390 P:0.5011 S:0.002529) | Val Tau: 0.8059 | Val MAE: 4.34
  ^ New best!
Epoch 049 | Loss: 0.2718 (R:0.0391 P:0.4996 S:0.002479) | Val Tau: 0.8011 | Val MAE: 4.37
Epoch 050 | Loss: 0.2710 (R:0.0392 P:0.4980 S:0.002438) | Val Tau: 0.7994 | Val MAE: 4.48
Best Val Tau: 0.8059 | Best Val MAE: 4.34
  exp4: 00:47:53
Saved ./models_highdim/exp4_final_model.pth

============================================================
>>> TRAINING ON exp5
============================================================
Fitting standardizer on ./train_highdim/exp5...
Training files: 950, Validation files: 50
Loading 950 files...
Loaded 950 valid datasets.
Using UnifiedTransformer (n_bio=100)
Epoch 001 | Loss: 0.6823 (R:0.0644 P:0.5638 S:0.368199) | Val Tau: 0.6452 | Val MAE: 52.33
  ^ New best!
Epoch 002 | Loss: 0.6368 (R:0.0489 P:0.5350 S:0.344931) | Val Tau: 0.6870 | Val MAE: 51.10
  ^ New best!
Epoch 003 | Loss: 0.6062 (R:0.0467 P:0.5232 S:0.321237) | Val Tau: 0.7204 | Val MAE: 49.83
  ^ New best!
Epoch 004 | Loss: 0.5781 (R:0.0452 P:0.5175 S:0.296793) | Val Tau: 0.7374 | Val MAE: 48.57
  ^ New best!
Epoch 005 | Loss: 0.5524 (R:0.0438 P:0.5160 S:0.272529) | Val Tau: 0.7204 | Val MAE: 46.80
Epoch 006 | Loss: 0.5261 (R:0.0446 P:0.5099 S:0.248843) | Val Tau: 0.7486 | Val MAE: 44.86
  ^ New best!
Epoch 007 | Loss: 0.5032 (R:0.0427 P:0.5119 S:0.225890) | Val Tau: 0.7512 | Val MAE: 42.73
  ^ New best!
Epoch 008 | Loss: 0.4811 (R:0.0433 P:0.5098 S:0.204608) | Val Tau: 0.7413 | Val MAE: 40.83
Epoch 009 | Loss: 0.4452 (R:0.0434 P:0.5090 S:0.169035) | Val Tau: 0.7383 | Val MAE: 32.37
Epoch 010 | Loss: 0.4179 (R:0.0428 P:0.5075 S:0.142690) | Val Tau: 0.7419 | Val MAE: 30.05
Epoch 011 | Loss: 0.3957 (R:0.0428 P:0.5078 S:0.120358) | Val Tau: 0.7465 | Val MAE: 26.99
Epoch 012 | Loss: 0.3765 (R:0.0423 P:0.5100 S:0.100326) | Val Tau: 0.7515 | Val MAE: 24.21
  ^ New best!
Epoch 013 | Loss: 0.3582 (R:0.0424 P:0.5083 S:0.082801) | Val Tau: 0.7490 | Val MAE: 21.51
Epoch 014 | Loss: 0.3436 (R:0.0416 P:0.5100 S:0.067794) | Val Tau: 0.7518 | Val MAE: 19.33
  ^ New best!
Epoch 015 | Loss: 0.3303 (R:0.0419 P:0.5083 S:0.055159) | Val Tau: 0.7585 | Val MAE: 17.07
  ^ New best!
Epoch 016 | Loss: 0.3197 (R:0.0422 P:0.5072 S:0.044985) | Val Tau: 0.7542 | Val MAE: 15.39
Epoch 017 | Loss: 0.3113 (R:0.0422 P:0.5063 S:0.037067) | Val Tau: 0.7612 | Val MAE: 13.90
  ^ New best!
Epoch 018 | Loss: 0.3068 (R:0.0419 P:0.5093 S:0.031207) | Val Tau: 0.7649 | Val MAE: 12.53
  ^ New best!
Epoch 019 | Loss: 0.3015 (R:0.0417 P:0.5071 S:0.027095) | Val Tau: 0.7671 | Val MAE: 11.37
  ^ New best!
Epoch 020 | Loss: 0.2993 (R:0.0414 P:0.5083 S:0.024449) | Val Tau: 0.7628 | Val MAE: 11.01
Epoch 021 | Loss: 0.2966 (R:0.0417 P:0.5057 S:0.022889) | Val Tau: 0.7578 | Val MAE: 10.82
Epoch 022 | Loss: 0.2962 (R:0.0415 P:0.5068 S:0.022102) | Val Tau: 0.7692 | Val MAE: 10.33
  ^ New best!
Epoch 023 | Loss: 0.2968 (R:0.0409 P:0.5093 S:0.021721) | Val Tau: 0.7473 | Val MAE: 10.25
Epoch 024 | Loss: 0.2972 (R:0.0407 P:0.5107 S:0.021567) | Val Tau: 0.7644 | Val MAE: 10.36
Epoch 025 | Loss: 0.2947 (R:0.0418 P:0.5045 S:0.021553) | Val Tau: 0.7591 | Val MAE: 10.34
Epoch 026 | Loss: 0.2958 (R:0.0411 P:0.5075 S:0.021518) | Val Tau: 0.7577 | Val MAE: 10.17
Epoch 027 | Loss: 0.2890 (R:0.0409 P:0.5087 S:0.014243) | Val Tau: 0.7655 | Val MAE: 6.18
Epoch 028 | Loss: 0.2825 (R:0.0409 P:0.5085 S:0.007799) | Val Tau: 0.7607 | Val MAE: 5.25
Epoch 029 | Loss: 0.2803 (R:0.0417 P:0.5068 S:0.006048) | Val Tau: 0.7632 | Val MAE: 4.44
Epoch 030 | Loss: 0.2785 (R:0.0414 P:0.5058 S:0.004986) | Val Tau: 0.7585 | Val MAE: 4.04
Epoch 031 | Loss: 0.2791 (R:0.0408 P:0.5086 S:0.004392) | Val Tau: 0.7645 | Val MAE: 3.70
Epoch 032 | Loss: 0.2776 (R:0.0415 P:0.5057 S:0.004006) | Val Tau: 0.7668 | Val MAE: 3.44
Epoch 033 | Loss: 0.2769 (R:0.0416 P:0.5048 S:0.003729) | Val Tau: 0.7662 | Val MAE: 3.35
Epoch 034 | Loss: 0.2769 (R:0.0405 P:0.5062 S:0.003530) | Val Tau: 0.7646 | Val MAE: 3.19
Epoch 035 | Loss: 0.2761 (R:0.0410 P:0.5044 S:0.003424) | Val Tau: 0.7639 | Val MAE: 3.13
Epoch 036 | Loss: 0.2766 (R:0.0405 P:0.5061 S:0.003339) | Val Tau: 0.7740 | Val MAE: 3.03
  ^ New best!
Epoch 037 | Loss: 0.2761 (R:0.0407 P:0.5051 S:0.003253) | Val Tau: 0.7700 | Val MAE: 3.00
Epoch 038 | Loss: 0.2765 (R:0.0405 P:0.5061 S:0.003195) | Val Tau: 0.7689 | Val MAE: 3.04
Epoch 039 | Loss: 0.2765 (R:0.0403 P:0.5065 S:0.003137) | Val Tau: 0.7719 | Val MAE: 2.97
Epoch 040 | Loss: 0.2747 (R:0.0411 P:0.5021 S:0.003083) | Val Tau: 0.7681 | Val MAE: 2.85
Epoch 041 | Loss: 0.2760 (R:0.0405 P:0.5054 S:0.003028) | Val Tau: 0.7659 | Val MAE: 2.86
Epoch 042 | Loss: 0.2755 (R:0.0407 P:0.5044 S:0.002980) | Val Tau: 0.7628 | Val MAE: 2.84
Epoch 043 | Loss: 0.2757 (R:0.0408 P:0.5048 S:0.002940) | Val Tau: 0.7750 | Val MAE: 2.83
  ^ New best!
Epoch 044 | Loss: 0.2760 (R:0.0404 P:0.5057 S:0.002899) | Val Tau: 0.7738 | Val MAE: 2.78
Epoch 045 | Loss: 0.2746 (R:0.0411 P:0.5025 S:0.002856) | Val Tau: 0.7691 | Val MAE: 2.81
Epoch 046 | Loss: 0.2746 (R:0.0408 P:0.5027 S:0.002819) | Val Tau: 0.7758 | Val MAE: 2.74
  ^ New best!
Epoch 047 | Loss: 0.2743 (R:0.0411 P:0.5020 S:0.002779) | Val Tau: 0.7693 | Val MAE: 2.75
Epoch 048 | Loss: 0.2751 (R:0.0406 P:0.5041 S:0.002755) | Val Tau: 0.7706 | Val MAE: 2.85
Epoch 049 | Loss: 0.2757 (R:0.0403 P:0.5058 S:0.002715) | Val Tau: 0.7690 | Val MAE: 2.74
Epoch 050 | Loss: 0.2759 (R:0.0407 P:0.5058 S:0.002683) | Val Tau: 0.7710 | Val MAE: 2.78
Best Val Tau: 0.7758 | Best Val MAE: 2.74
  exp5: 00:47:32
Saved ./models_highdim/exp5_final_model.pth

============================================================
>>> TRAINING ON exp6
============================================================
Fitting standardizer on ./train_highdim/exp6...
Training files: 950, Validation files: 50
Loading 950 files...
Loaded 950 valid datasets.
Using UnifiedTransformer (n_bio=100)
Epoch 001 | Loss: 0.6895 (R:0.0645 P:0.5767 S:0.368911) | Val Tau: 0.6264 | Val MAE: 52.32
  ^ New best!
Epoch 002 | Loss: 0.6347 (R:0.0496 P:0.5294 S:0.345220) | Val Tau: 0.6944 | Val MAE: 51.54
  ^ New best!
Epoch 003 | Loss: 0.6052 (R:0.0471 P:0.5225 S:0.320366) | Val Tau: 0.6999 | Val MAE: 49.53
  ^ New best!
Epoch 004 | Loss: 0.5801 (R:0.0452 P:0.5239 S:0.295578) | Val Tau: 0.7180 | Val MAE: 47.85
  ^ New best!
Epoch 005 | Loss: 0.5511 (R:0.0452 P:0.5160 S:0.270540) | Val Tau: 0.7291 | Val MAE: 46.04
  ^ New best!
Epoch 006 | Loss: 0.5251 (R:0.0440 P:0.5136 S:0.246319) | Val Tau: 0.7282 | Val MAE: 44.57
Epoch 007 | Loss: 0.4997 (R:0.0431 P:0.5101 S:0.223138) | Val Tau: 0.7595 | Val MAE: 42.58
  ^ New best!
Epoch 008 | Loss: 0.4671 (R:0.0425 P:0.5093 S:0.191256) | Val Tau: 0.7477 | Val MAE: 34.50
Epoch 009 | Loss: 0.4370 (R:0.0426 P:0.5083 S:0.161507) | Val Tau: 0.7541 | Val MAE: 31.61
Epoch 010 | Loss: 0.4114 (R:0.0426 P:0.5059 S:0.137149) | Val Tau: 0.7657 | Val MAE: 29.35
  ^ New best!
Epoch 011 | Loss: 0.3876 (R:0.0428 P:0.5021 S:0.115168) | Val Tau: 0.7706 | Val MAE: 26.29
  ^ New best!
Epoch 012 | Loss: 0.3709 (R:0.0419 P:0.5085 S:0.095689) | Val Tau: 0.7657 | Val MAE: 23.63
Epoch 013 | Loss: 0.3527 (R:0.0411 P:0.5072 S:0.078541) | Val Tau: 0.7615 | Val MAE: 20.62
Epoch 014 | Loss: 0.3376 (R:0.0414 P:0.5059 S:0.063983) | Val Tau: 0.7707 | Val MAE: 18.71
  ^ New best!
Epoch 015 | Loss: 0.3246 (R:0.0422 P:0.5030 S:0.051937) | Val Tau: 0.7633 | Val MAE: 16.32
Epoch 016 | Loss: 0.3140 (R:0.0423 P:0.5010 S:0.042311) | Val Tau: 0.7718 | Val MAE: 14.60
  ^ New best!
Epoch 017 | Loss: 0.3073 (R:0.0417 P:0.5029 S:0.034951) | Val Tau: 0.7646 | Val MAE: 13.26
Epoch 018 | Loss: 0.3015 (R:0.0416 P:0.5022 S:0.029607) | Val Tau: 0.7740 | Val MAE: 11.98
  ^ New best!
Epoch 019 | Loss: 0.2987 (R:0.0407 P:0.5047 S:0.025962) | Val Tau: 0.7506 | Val MAE: 11.49
Epoch 020 | Loss: 0.2970 (R:0.0411 P:0.5055 S:0.023731) | Val Tau: 0.7749 | Val MAE: 10.98
  ^ New best!
Epoch 021 | Loss: 0.2944 (R:0.0413 P:0.5026 S:0.022429) | Val Tau: 0.7666 | Val MAE: 10.56
Epoch 022 | Loss: 0.2886 (R:0.0407 P:0.5047 S:0.015858) | Val Tau: 0.7790 | Val MAE: 7.21
  ^ New best!
Epoch 023 | Loss: 0.2820 (R:0.0410 P:0.5032 S:0.009931) | Val Tau: 0.7712 | Val MAE: 5.87
Epoch 024 | Loss: 0.2796 (R:0.0408 P:0.5031 S:0.007584) | Val Tau: 0.7732 | Val MAE: 5.19
Epoch 025 | Loss: 0.2783 (R:0.0410 P:0.5034 S:0.006080) | Val Tau: 0.7780 | Val MAE: 4.46
Epoch 026 | Loss: 0.2774 (R:0.0408 P:0.5036 S:0.005131) | Val Tau: 0.7771 | Val MAE: 4.13
Epoch 027 | Loss: 0.2764 (R:0.0406 P:0.5032 S:0.004546) | Val Tau: 0.7763 | Val MAE: 3.91
Epoch 028 | Loss: 0.2754 (R:0.0409 P:0.5016 S:0.004166) | Val Tau: 0.7811 | Val MAE: 3.78
  ^ New best!
Epoch 029 | Loss: 0.2763 (R:0.0406 P:0.5042 S:0.003899) | Val Tau: 0.7645 | Val MAE: 3.54
Epoch 030 | Loss: 0.2753 (R:0.0407 P:0.5025 S:0.003727) | Val Tau: 0.7759 | Val MAE: 3.34
Epoch 031 | Loss: 0.2759 (R:0.0400 P:0.5046 S:0.003610) | Val Tau: 0.7674 | Val MAE: 3.28
Epoch 032 | Loss: 0.2758 (R:0.0403 P:0.5043 S:0.003512) | Val Tau: 0.7789 | Val MAE: 3.24
Epoch 033 | Loss: 0.2743 (R:0.0404 P:0.5014 S:0.003435) | Val Tau: 0.7756 | Val MAE: 3.24
Epoch 034 | Loss: 0.2750 (R:0.0403 P:0.5029 S:0.003375) | Val Tau: 0.7760 | Val MAE: 3.20
Epoch 035 | Loss: 0.2749 (R:0.0405 P:0.5027 S:0.003350) | Val Tau: 0.7639 | Val MAE: 3.08
Epoch 036 | Loss: 0.2748 (R:0.0406 P:0.5025 S:0.003296) | Val Tau: 0.7772 | Val MAE: 3.04
Epoch 037 | Loss: 0.2745 (R:0.0404 P:0.5022 S:0.003258) | Val Tau: 0.7847 | Val MAE: 3.05
  ^ New best!
Epoch 038 | Loss: 0.2745 (R:0.0404 P:0.5022 S:0.003221) | Val Tau: 0.7769 | Val MAE: 3.07
Epoch 039 | Loss: 0.2731 (R:0.0408 P:0.4990 S:0.003180) | Val Tau: 0.7783 | Val MAE: 3.07
Epoch 040 | Loss: 0.2744 (R:0.0401 P:0.5025 S:0.003131) | Val Tau: 0.7730 | Val MAE: 3.00
Epoch 041 | Loss: 0.2745 (R:0.0402 P:0.5027 S:0.003089) | Val Tau: 0.7824 | Val MAE: 3.08
Epoch 042 | Loss: 0.2747 (R:0.0400 P:0.5033 S:0.003057) | Val Tau: 0.7681 | Val MAE: 3.07
Epoch 043 | Loss: 0.2735 (R:0.0405 P:0.5005 S:0.003020) | Val Tau: 0.7867 | Val MAE: 2.97
  ^ New best!
Epoch 044 | Loss: 0.2742 (R:0.0402 P:0.5026 S:0.002855) | Val Tau: 0.7763 | Val MAE: 2.74
Epoch 045 | Loss: 0.2741 (R:0.0402 P:0.5014 S:0.003283) | Val Tau: 0.7831 | Val MAE: 3.09
Epoch 046 | Loss: 0.2731 (R:0.0407 P:0.4999 S:0.002815) | Val Tau: 0.7721 | Val MAE: 2.69
Epoch 047 | Loss: 0.2723 (R:0.0406 P:0.4989 S:0.002587) | Val Tau: 0.7825 | Val MAE: 2.58
Epoch 048 | Loss: 0.2733 (R:0.0401 P:0.5014 S:0.002492) | Val Tau: 0.7769 | Val MAE: 2.60
Epoch 049 | Loss: 0.2734 (R:0.0401 P:0.5018 S:0.002423) | Val Tau: 0.7837 | Val MAE: 2.54
Epoch 050 | Loss: 0.2737 (R:0.0400 P:0.5027 S:0.002367) | Val Tau: 0.7776 | Val MAE: 2.45
Best Val Tau: 0.7867 | Best Val MAE: 2.97
  exp6: 00:47:40
Saved ./models_highdim/exp6_final_model.pth

============================================================
>>> TRAINING ON exp7
============================================================
Fitting standardizer on ./train_highdim/exp7...
Training files: 950, Validation files: 50
Loading 950 files...
Loaded 950 valid datasets.
Using UnifiedTransformer (n_bio=100)
Epoch 001 | Loss: 0.7333 (R:0.0873 P:0.6478 S:0.365762) | Val Tau: 0.3883 | Val MAE: 52.59
  ^ New best!
Epoch 002 | Loss: 0.6667 (R:0.0638 P:0.5875 S:0.341067) | Val Tau: 0.5570 | Val MAE: 50.75
  ^ New best!
Epoch 003 | Loss: 0.6229 (R:0.0565 P:0.5574 S:0.315944) | Val Tau: 0.6039 | Val MAE: 49.63
  ^ New best!
Epoch 004 | Loss: 0.5897 (R:0.0544 P:0.5467 S:0.289108) | Val Tau: 0.6271 | Val MAE: 47.27
  ^ New best!
Epoch 005 | Loss: 0.5608 (R:0.0519 P:0.5446 S:0.262597) | Val Tau: 0.6233 | Val MAE: 45.53
Epoch 006 | Loss: 0.5312 (R:0.0504 P:0.5377 S:0.237121) | Val Tau: 0.6427 | Val MAE: 43.67
  ^ New best!
Epoch 007 | Loss: 0.5056 (R:0.0490 P:0.5389 S:0.211678) | Val Tau: 0.6565 | Val MAE: 36.43
  ^ New best!
Epoch 008 | Loss: 0.4657 (R:0.0491 P:0.5342 S:0.174028) | Val Tau: 0.6504 | Val MAE: 33.19
Epoch 009 | Loss: 0.4361 (R:0.0488 P:0.5294 S:0.146941) | Val Tau: 0.6598 | Val MAE: 30.03
  ^ New best!
Epoch 010 | Loss: 0.4111 (R:0.0484 P:0.5288 S:0.122526) | Val Tau: 0.6723 | Val MAE: 27.04
  ^ New best!
Epoch 011 | Loss: 0.3910 (R:0.0467 P:0.5337 S:0.100795) | Val Tau: 0.6768 | Val MAE: 24.01
  ^ New best!
Epoch 012 | Loss: 0.3715 (R:0.0472 P:0.5317 S:0.081994) | Val Tau: 0.6770 | Val MAE: 21.36
  ^ New best!
Epoch 013 | Loss: 0.3524 (R:0.0473 P:0.5256 S:0.065978) | Val Tau: 0.6775 | Val MAE: 18.80
  ^ New best!
Epoch 014 | Loss: 0.3405 (R:0.0461 P:0.5291 S:0.052888) | Val Tau: 0.6800 | Val MAE: 16.28
  ^ New best!
Epoch 015 | Loss: 0.3280 (R:0.0468 P:0.5243 S:0.042475) | Val Tau: 0.6763 | Val MAE: 14.79
Epoch 016 | Loss: 0.3195 (R:0.0466 P:0.5231 S:0.034655) | Val Tau: 0.6634 | Val MAE: 13.40
Epoch 017 | Loss: 0.3149 (R:0.0460 P:0.5254 S:0.029134) | Val Tau: 0.6886 | Val MAE: 12.20
  ^ New best!
Epoch 018 | Loss: 0.3100 (R:0.0459 P:0.5232 S:0.025455) | Val Tau: 0.6912 | Val MAE: 11.28
  ^ New best!
Epoch 019 | Loss: 0.3083 (R:0.0457 P:0.5245 S:0.023246) | Val Tau: 0.6706 | Val MAE: 10.65
Epoch 020 | Loss: 0.3081 (R:0.0449 P:0.5272 S:0.022074) | Val Tau: 0.6942 | Val MAE: 10.58
  ^ New best!
Epoch 021 | Loss: 0.3070 (R:0.0455 P:0.5232 S:0.022632) | Val Tau: 0.7013 | Val MAE: 10.44
  ^ New best!
Epoch 022 | Loss: 0.3038 (R:0.0451 P:0.5242 S:0.019109) | Val Tau: 0.6879 | Val MAE: 7.76
Epoch 023 | Loss: 0.2941 (R:0.0459 P:0.5206 S:0.010886) | Val Tau: 0.6947 | Val MAE: 6.59
Epoch 024 | Loss: 0.2920 (R:0.0455 P:0.5215 S:0.008512) | Val Tau: 0.6984 | Val MAE: 5.86
Epoch 025 | Loss: 0.2906 (R:0.0446 P:0.5224 S:0.007140) | Val Tau: 0.6985 | Val MAE: 5.16
Epoch 026 | Loss: 0.2895 (R:0.0449 P:0.5217 S:0.006235) | Val Tau: 0.7006 | Val MAE: 4.87
Epoch 027 | Loss: 0.2885 (R:0.0445 P:0.5211 S:0.005702) | Val Tau: 0.7036 | Val MAE: 4.67
  ^ New best!
Epoch 028 | Loss: 0.2875 (R:0.0447 P:0.5196 S:0.005346) | Val Tau: 0.6994 | Val MAE: 4.44
Epoch 029 | Loss: 0.2870 (R:0.0447 P:0.5190 S:0.005138) | Val Tau: 0.7029 | Val MAE: 4.35
Epoch 030 | Loss: 0.2874 (R:0.0443 P:0.5206 S:0.004977) | Val Tau: 0.7051 | Val MAE: 4.25
  ^ New best!
Epoch 031 | Loss: 0.2866 (R:0.0443 P:0.5194 S:0.004775) | Val Tau: 0.7101 | Val MAE: 4.15
  ^ New best!
Epoch 032 | Loss: 0.2863 (R:0.0441 P:0.5198 S:0.004358) | Val Tau: 0.6997 | Val MAE: 3.81
Epoch 033 | Loss: 0.2859 (R:0.0435 P:0.5202 S:0.004035) | Val Tau: 0.7134 | Val MAE: 3.70
  ^ New best!
Epoch 034 | Loss: 0.2856 (R:0.0439 P:0.5196 S:0.003862) | Val Tau: 0.7132 | Val MAE: 3.51
Epoch 035 | Loss: 0.2833 (R:0.0441 P:0.5151 S:0.003690) | Val Tau: 0.7181 | Val MAE: 3.54
  ^ New best!
Epoch 036 | Loss: 0.2839 (R:0.0438 P:0.5168 S:0.003553) | Val Tau: 0.7121 | Val MAE: 3.46
Epoch 037 | Loss: 0.2829 (R:0.0439 P:0.5150 S:0.003437) | Val Tau: 0.7159 | Val MAE: 3.43
Epoch 038 | Loss: 0.2837 (R:0.0435 P:0.5173 S:0.003338) | Val Tau: 0.7061 | Val MAE: 3.35
Epoch 039 | Loss: 0.2830 (R:0.0437 P:0.5158 S:0.003259) | Val Tau: 0.7182 | Val MAE: 3.41
  ^ New best!
Epoch 040 | Loss: 0.2830 (R:0.0432 P:0.5163 S:0.003175) | Val Tau: 0.7120 | Val MAE: 3.37
Epoch 041 | Loss: 0.2833 (R:0.0435 P:0.5169 S:0.003098) | Val Tau: 0.7109 | Val MAE: 3.39
Epoch 042 | Loss: 0.2822 (R:0.0434 P:0.5149 S:0.003029) | Val Tau: 0.7192 | Val MAE: 3.42
  ^ New best!
Epoch 043 | Loss: 0.2814 (R:0.0438 P:0.5131 S:0.002962) | Val Tau: 0.7265 | Val MAE: 3.42
  ^ New best!
Epoch 044 | Loss: 0.2818 (R:0.0433 P:0.5146 S:0.002891) | Val Tau: 0.7252 | Val MAE: 3.36
Epoch 045 | Loss: 0.2815 (R:0.0433 P:0.5141 S:0.002832) | Val Tau: 0.7198 | Val MAE: 3.41
Epoch 046 | Loss: 0.2816 (R:0.0428 P:0.5148 S:0.002770) | Val Tau: 0.7339 | Val MAE: 3.36
  ^ New best!
Epoch 047 | Loss: 0.2818 (R:0.0429 P:0.5153 S:0.002707) | Val Tau: 0.7290 | Val MAE: 3.43
Epoch 048 | Loss: 0.2819 (R:0.0425 P:0.5160 S:0.002656) | Val Tau: 0.7352 | Val MAE: 3.50
  ^ New best!
Epoch 049 | Loss: 0.2815 (R:0.0426 P:0.5153 S:0.002594) | Val Tau: 0.7190 | Val MAE: 3.35
Epoch 050 | Loss: 0.2805 (R:0.0429 P:0.5129 S:0.002538) | Val Tau: 0.7298 | Val MAE: 3.49
Best Val Tau: 0.7352 | Best Val MAE: 3.50
  exp7: 00:47:35
Saved ./models_highdim/exp7_final_model.pth

============================================================
>>> TRAINING ON exp8
============================================================
Fitting standardizer on ./train_highdim/exp8...
Training files: 950, Validation files: 50
Loading 950 files...
Loaded 950 valid datasets.
Using UnifiedTransformer (n_bio=100)
Epoch 001 | Loss: 0.4966 (R:0.0309 P:0.0535 S:0.454435) | Val Tau: 0.6288 | Val MAE: 58.30
  ^ New best!
Epoch 002 | Loss: 0.4544 (R:0.0175 P:0.0349 S:0.428218) | Val Tau: 0.6859 | Val MAE: 56.58
  ^ New best!
Epoch 003 | Loss: 0.4216 (R:0.0145 P:0.0282 S:0.400222) | Val Tau: 0.7091 | Val MAE: 55.08
  ^ New best!
Epoch 004 | Loss: 0.3904 (R:0.0129 P:0.0252 S:0.371397) | Val Tau: 0.7317 | Val MAE: 53.37
  ^ New best!
Epoch 005 | Loss: 0.3602 (R:0.0122 P:0.0239 S:0.342182) | Val Tau: 0.7331 | Val MAE: 51.64
  ^ New best!
Epoch 006 | Loss: 0.3313 (R:0.0117 P:0.0233 S:0.313793) | Val Tau: 0.7443 | Val MAE: 49.86
  ^ New best!
Epoch 007 | Loss: 0.3031 (R:0.0115 P:0.0223 S:0.286187) | Val Tau: 0.7465 | Val MAE: 48.30
  ^ New best!
Epoch 008 | Loss: 0.2765 (R:0.0111 P:0.0217 S:0.260148) | Val Tau: 0.7367 | Val MAE: 46.09
Epoch 009 | Loss: 0.2519 (R:0.0109 P:0.0208 S:0.236016) | Val Tau: 0.7447 | Val MAE: 44.47
Epoch 010 | Loss: 0.2302 (R:0.0108 P:0.0213 S:0.214229) | Val Tau: 0.7429 | Val MAE: 42.19
Epoch 011 | Loss: 0.1986 (R:0.0106 P:0.0207 S:0.182929) | Val Tau: 0.7416 | Val MAE: 31.98
Epoch 012 | Loss: 0.1564 (R:0.0105 P:0.0205 S:0.140872) | Val Tau: 0.7387 | Val MAE: 29.47
Epoch 013 | Loss: 0.1322 (R:0.0105 P:0.0203 S:0.116824) | Val Tau: 0.7385 | Val MAE: 26.22
Epoch 014 | Loss: 0.1119 (R:0.0103 P:0.0205 S:0.096456) | Val Tau: 0.7498 | Val MAE: 23.39
  ^ New best!
Epoch 015 | Loss: 0.0945 (R:0.0102 P:0.0200 S:0.079385) | Val Tau: 0.7526 | Val MAE: 20.97
  ^ New best!
Epoch 016 | Loss: 0.0802 (R:0.0101 P:0.0192 S:0.065548) | Val Tau: 0.7515 | Val MAE: 18.93
Epoch 017 | Loss: 0.0698 (R:0.0101 P:0.0200 S:0.054738) | Val Tau: 0.7533 | Val MAE: 17.52
  ^ New best!
Epoch 018 | Loss: 0.0613 (R:0.0100 P:0.0196 S:0.046528) | Val Tau: 0.7421 | Val MAE: 15.90
Epoch 019 | Loss: 0.0553 (R:0.0099 P:0.0193 S:0.040713) | Val Tau: 0.7527 | Val MAE: 15.05
Epoch 020 | Loss: 0.0519 (R:0.0100 P:0.0201 S:0.036825) | Val Tau: 0.7537 | Val MAE: 13.87
  ^ New best!
Epoch 021 | Loss: 0.0490 (R:0.0099 P:0.0190 S:0.034516) | Val Tau: 0.7536 | Val MAE: 13.44
Epoch 022 | Loss: 0.0476 (R:0.0098 P:0.0190 S:0.033227) | Val Tau: 0.7418 | Val MAE: 13.20
Epoch 023 | Loss: 0.0471 (R:0.0098 P:0.0191 S:0.032614) | Val Tau: 0.7485 | Val MAE: 12.71
Epoch 024 | Loss: 0.0469 (R:0.0098 P:0.0193 S:0.032361) | Val Tau: 0.7522 | Val MAE: 12.53
Epoch 025 | Loss: 0.0465 (R:0.0097 P:0.0188 S:0.032238) | Val Tau: 0.7487 | Val MAE: 12.44
Epoch 026 | Loss: 0.0279 (R:0.0097 P:0.0192 S:0.013493) | Val Tau: 0.7499 | Val MAE: 6.82
Epoch 027 | Loss: 0.0232 (R:0.0097 P:0.0186 S:0.009006) | Val Tau: 0.7499 | Val MAE: 6.00
Epoch 028 | Loss: 0.0213 (R:0.0096 P:0.0185 S:0.007280) | Val Tau: 0.7455 | Val MAE: 5.28
Epoch 029 | Loss: 0.0206 (R:0.0096 P:0.0189 S:0.006375) | Val Tau: 0.7555 | Val MAE: 4.94
  ^ New best!
Epoch 030 | Loss: 0.0200 (R:0.0096 P:0.0187 S:0.005842) | Val Tau: 0.7494 | Val MAE: 4.65
Epoch 031 | Loss: 0.0197 (R:0.0096 P:0.0189 S:0.005465) | Val Tau: 0.7552 | Val MAE: 4.29
Epoch 032 | Loss: 0.0190 (R:0.0095 P:0.0182 S:0.005136) | Val Tau: 0.7479 | Val MAE: 4.13
Epoch 033 | Loss: 0.0188 (R:0.0095 P:0.0184 S:0.004862) | Val Tau: 0.7525 | Val MAE: 3.97
Epoch 034 | Loss: 0.0187 (R:0.0095 P:0.0186 S:0.004645) | Val Tau: 0.7579 | Val MAE: 3.85
  ^ New best!
Epoch 035 | Loss: 0.0185 (R:0.0094 P:0.0185 S:0.004503) | Val Tau: 0.7496 | Val MAE: 3.81
Epoch 036 | Loss: 0.0184 (R:0.0094 P:0.0187 S:0.004341) | Val Tau: 0.7481 | Val MAE: 3.81
Epoch 037 | Loss: 0.0179 (R:0.0094 P:0.0180 S:0.004240) | Val Tau: 0.7596 | Val MAE: 3.84
  ^ New best!
Epoch 038 | Loss: 0.0182 (R:0.0094 P:0.0185 S:0.004193) | Val Tau: 0.7478 | Val MAE: 3.75
Epoch 039 | Loss: 0.0180 (R:0.0093 P:0.0186 S:0.004067) | Val Tau: 0.7589 | Val MAE: 3.64
Epoch 040 | Loss: 0.0180 (R:0.0095 P:0.0185 S:0.004001) | Val Tau: 0.7503 | Val MAE: 3.67
Epoch 041 | Loss: 0.0178 (R:0.0093 P:0.0183 S:0.003942) | Val Tau: 0.7560 | Val MAE: 3.71
Epoch 042 | Loss: 0.0178 (R:0.0093 P:0.0186 S:0.003877) | Val Tau: 0.7515 | Val MAE: 3.73
Epoch 043 | Loss: 0.0176 (R:0.0093 P:0.0181 S:0.003828) | Val Tau: 0.7581 | Val MAE: 3.64
Epoch 044 | Loss: 0.0175 (R:0.0093 P:0.0182 S:0.003761) | Val Tau: 0.7533 | Val MAE: 3.63
Epoch 045 | Loss: 0.0176 (R:0.0092 P:0.0186 S:0.003707) | Val Tau: 0.7512 | Val MAE: 3.58
Epoch 046 | Loss: 0.0175 (R:0.0093 P:0.0185 S:0.003654) | Val Tau: 0.7575 | Val MAE: 3.63
Epoch 047 | Loss: 0.0174 (R:0.0092 P:0.0183 S:0.003600) | Val Tau: 0.7492 | Val MAE: 3.58
Epoch 048 | Loss: 0.0171 (R:0.0092 P:0.0178 S:0.003544) | Val Tau: 0.7591 | Val MAE: 3.78
Epoch 049 | Loss: 0.0167 (R:0.0090 P:0.0175 S:0.003468) | Val Tau: 0.7596 | Val MAE: 3.69
  ^ New best!
Epoch 050 | Loss: 0.0168 (R:0.0090 P:0.0177 S:0.003436) | Val Tau: 0.7550 | Val MAE: 3.61
Best Val Tau: 0.7596 | Best Val MAE: 3.69
  exp8: 00:47:47
Saved ./models_highdim/exp8_final_model.pth

============================================================
>>> TRAINING ON exp9
============================================================
Fitting standardizer on ./train_highdim/exp9...
Training files: 950, Validation files: 50
Loading 950 files...
Loaded 950 valid datasets.
Using UnifiedTransformer (n_bio=100)
Epoch 001 | Loss: 0.4977 (R:0.0323 P:0.0591 S:0.452012) | Val Tau: 0.6366 | Val MAE: 57.80
  ^ New best!
Epoch 002 | Loss: 0.4502 (R:0.0165 P:0.0318 S:0.426051) | Val Tau: 0.6938 | Val MAE: 56.80
  ^ New best!
Epoch 003 | Loss: 0.4192 (R:0.0141 P:0.0278 S:0.398290) | Val Tau: 0.7031 | Val MAE: 54.95
  ^ New best!
Epoch 004 | Loss: 0.3885 (R:0.0128 P:0.0248 S:0.369647) | Val Tau: 0.7060 | Val MAE: 53.14
  ^ New best!
Epoch 005 | Loss: 0.3581 (R:0.0118 P:0.0230 S:0.340659) | Val Tau: 0.7388 | Val MAE: 51.53
  ^ New best!
Epoch 006 | Loss: 0.3284 (R:0.0109 P:0.0213 S:0.312351) | Val Tau: 0.7457 | Val MAE: 49.74
  ^ New best!
Epoch 007 | Loss: 0.2890 (R:0.0103 P:0.0202 S:0.273667) | Val Tau: 0.7471 | Val MAE: 42.64
  ^ New best!
Epoch 008 | Loss: 0.2563 (R:0.0099 P:0.0198 S:0.241425) | Val Tau: 0.7500 | Val MAE: 39.78
  ^ New best!
Epoch 009 | Loss: 0.2254 (R:0.0097 P:0.0190 S:0.211106) | Val Tau: 0.7576 | Val MAE: 36.24
  ^ New best!
Epoch 010 | Loss: 0.1973 (R:0.0095 P:0.0191 S:0.182931) | Val Tau: 0.7569 | Val MAE: 33.35
Epoch 011 | Loss: 0.1705 (R:0.0093 P:0.0182 S:0.156775) | Val Tau: 0.7603 | Val MAE: 30.83
  ^ New best!
Epoch 012 | Loss: 0.1465 (R:0.0092 P:0.0180 S:0.132890) | Val Tau: 0.7535 | Val MAE: 27.80
Epoch 013 | Loss: 0.1253 (R:0.0092 P:0.0180 S:0.111750) | Val Tau: 0.7597 | Val MAE: 25.43
Epoch 014 | Loss: 0.1068 (R:0.0090 P:0.0181 S:0.093250) | Val Tau: 0.7607 | Val MAE: 23.53
  ^ New best!
Epoch 015 | Loss: 0.0908 (R:0.0090 P:0.0177 S:0.077431) | Val Tau: 0.7569 | Val MAE: 21.33
Epoch 016 | Loss: 0.0776 (R:0.0088 P:0.0175 S:0.064473) | Val Tau: 0.7643 | Val MAE: 18.95
  ^ New best!
Epoch 017 | Loss: 0.0672 (R:0.0089 P:0.0173 S:0.054129) | Val Tau: 0.7676 | Val MAE: 17.50
  ^ New best!
Epoch 018 | Loss: 0.0592 (R:0.0088 P:0.0170 S:0.046317) | Val Tau: 0.7592 | Val MAE: 16.16
Epoch 019 | Loss: 0.0539 (R:0.0087 P:0.0178 S:0.040616) | Val Tau: 0.7630 | Val MAE: 14.92
Epoch 020 | Loss: 0.0451 (R:0.0087 P:0.0172 S:0.032111) | Val Tau: 0.7618 | Val MAE: 11.18
Epoch 021 | Loss: 0.0322 (R:0.0086 P:0.0170 S:0.019424) | Val Tau: 0.7576 | Val MAE: 9.26
Epoch 022 | Loss: 0.0269 (R:0.0086 P:0.0167 S:0.014320) | Val Tau: 0.7623 | Val MAE: 7.90
Epoch 023 | Loss: 0.0234 (R:0.0085 P:0.0165 S:0.010863) | Val Tau: 0.7577 | Val MAE: 6.79
Epoch 024 | Loss: 0.0210 (R:0.0086 P:0.0165 S:0.008479) | Val Tau: 0.7542 | Val MAE: 5.80
Epoch 025 | Loss: 0.0194 (R:0.0085 P:0.0165 S:0.006860) | Val Tau: 0.7538 | Val MAE: 5.12
Epoch 026 | Loss: 0.0183 (R:0.0085 P:0.0165 S:0.005808) | Val Tau: 0.7598 | Val MAE: 4.67
Epoch 027 | Loss: 0.0176 (R:0.0084 P:0.0165 S:0.005125) | Val Tau: 0.7616 | Val MAE: 4.23
Epoch 028 | Loss: 0.0172 (R:0.0084 P:0.0166 S:0.004684) | Val Tau: 0.7610 | Val MAE: 4.10
Epoch 029 | Loss: 0.0167 (R:0.0082 P:0.0163 S:0.004424) | Val Tau: 0.7650 | Val MAE: 3.82
Epoch 030 | Loss: 0.0164 (R:0.0082 P:0.0160 S:0.004273) | Val Tau: 0.7663 | Val MAE: 3.73
Epoch 031 | Loss: 0.0162 (R:0.0082 P:0.0160 S:0.004127) | Val Tau: 0.7647 | Val MAE: 3.71
Epoch 032 | Loss: 0.0160 (R:0.0081 P:0.0159 S:0.003982) | Val Tau: 0.7729 | Val MAE: 3.51
  ^ New best!
Epoch 033 | Loss: 0.0160 (R:0.0081 P:0.0161 S:0.003855) | Val Tau: 0.7607 | Val MAE: 3.48
Epoch 034 | Loss: 0.0159 (R:0.0081 P:0.0162 S:0.003742) | Val Tau: 0.7702 | Val MAE: 3.31
Epoch 035 | Loss: 0.0158 (R:0.0081 P:0.0162 S:0.003654) | Val Tau: 0.7629 | Val MAE: 3.29
Epoch 036 | Loss: 0.0158 (R:0.0082 P:0.0163 S:0.003587) | Val Tau: 0.7677 | Val MAE: 3.21
Epoch 037 | Loss: 0.0155 (R:0.0081 P:0.0159 S:0.003512) | Val Tau: 0.7647 | Val MAE: 3.17
Epoch 038 | Loss: 0.0156 (R:0.0081 P:0.0161 S:0.003461) | Val Tau: 0.7678 | Val MAE: 3.15
Epoch 039 | Loss: 0.0153 (R:0.0081 P:0.0156 S:0.003405) | Val Tau: 0.7678 | Val MAE: 3.07
Epoch 040 | Loss: 0.0154 (R:0.0081 P:0.0160 S:0.003362) | Val Tau: 0.7661 | Val MAE: 3.12
Epoch 041 | Loss: 0.0152 (R:0.0081 P:0.0157 S:0.003324) | Val Tau: 0.7718 | Val MAE: 3.07
Epoch 042 | Loss: 0.0152 (R:0.0081 P:0.0158 S:0.003286) | Val Tau: 0.7689 | Val MAE: 3.07
Epoch 043 | Loss: 0.0153 (R:0.0081 P:0.0159 S:0.003251) | Val Tau: 0.7690 | Val MAE: 3.03
Epoch 044 | Loss: 0.0149 (R:0.0080 P:0.0155 S:0.003208) | Val Tau: 0.7709 | Val MAE: 3.03
Epoch 045 | Loss: 0.0150 (R:0.0079 P:0.0157 S:0.003189) | Val Tau: 0.7722 | Val MAE: 2.95
Epoch 046 | Loss: 0.0150 (R:0.0079 P:0.0158 S:0.003178) | Val Tau: 0.7734 | Val MAE: 3.01
  ^ New best!
Epoch 047 | Loss: 0.0150 (R:0.0079 P:0.0158 S:0.003157) | Val Tau: 0.7731 | Val MAE: 2.98
Epoch 048 | Loss: 0.0147 (R:0.0079 P:0.0153 S:0.003137) | Val Tau: 0.7672 | Val MAE: 3.01
Epoch 049 | Loss: 0.0150 (R:0.0079 P:0.0159 S:0.003115) | Val Tau: 0.7728 | Val MAE: 3.04
Epoch 050 | Loss: 0.0148 (R:0.0079 P:0.0155 S:0.003093) | Val Tau: 0.7675 | Val MAE: 2.99
Best Val Tau: 0.7734 | Best Val MAE: 3.01
  exp9: 00:47:14
Saved ./models_highdim/exp9_final_model.pth
