Loading config from config.yaml...
============================================================
Unified Transformer Training
============================================================
Experiments: ['exp1', 'exp2', 'exp3', 'exp4', 'exp5', 'exp6', 'exp7', 'exp8', 'exp9']
Device: cuda
Fitting standardizer on ./train/exp1...
Detected 12 biomarkers.

============================================================
>>> TRAINING ON exp1
============================================================
Fitting standardizer on ./train/exp1...
Training files: 950, Validation files: 50
Loading 950 files...
Loaded 950 valid datasets.
Using UnifiedTransformer (n_bio=12)
Epoch 001 | Loss: 0.3768 (R:0.0691 P:0.5298 S:0.077384) | Val Tau: 0.7861 | Val MAE: 1.68
  ^ New best!
Epoch 002 | Loss: 0.2854 (R:0.0472 P:0.4765 S:0.023571) | Val Tau: 0.8303 | Val MAE: 1.05
  ^ New best!
Epoch 003 | Loss: 0.2723 (R:0.0457 P:0.4707 S:0.014094) | Val Tau: 0.8582 | Val MAE: 0.88
  ^ New best!
Epoch 004 | Loss: 0.2664 (R:0.0448 P:0.4679 S:0.010065) | Val Tau: 0.8503 | Val MAE: 0.68
Epoch 005 | Loss: 0.2653 (R:0.0435 P:0.4704 S:0.008370) | Val Tau: 0.8636 | Val MAE: 0.67
  ^ New best!
Epoch 006 | Loss: 0.2627 (R:0.0432 P:0.4668 S:0.007727) | Val Tau: 0.8788 | Val MAE: 0.62
  ^ New best!
Epoch 007 | Loss: 0.2619 (R:0.0430 P:0.4663 S:0.007299) | Val Tau: 0.8679 | Val MAE: 0.63
Epoch 008 | Loss: 0.2610 (R:0.0427 P:0.4652 S:0.007073) | Val Tau: 0.8630 | Val MAE: 0.62
Epoch 009 | Loss: 0.2607 (R:0.0420 P:0.4658 S:0.006853) | Val Tau: 0.8576 | Val MAE: 0.63
Epoch 010 | Loss: 0.2610 (R:0.0417 P:0.4669 S:0.006695) | Val Tau: 0.8933 | Val MAE: 0.62
  ^ New best!
Epoch 011 | Loss: 0.2595 (R:0.0417 P:0.4641 S:0.006568) | Val Tau: 0.8836 | Val MAE: 0.60
Epoch 012 | Loss: 0.2596 (R:0.0417 P:0.4646 S:0.006460) | Val Tau: 0.8794 | Val MAE: 0.60
Epoch 013 | Loss: 0.2591 (R:0.0412 P:0.4642 S:0.006361) | Val Tau: 0.8624 | Val MAE: 0.60
Epoch 014 | Loss: 0.2579 (R:0.0418 P:0.4615 S:0.006286) | Val Tau: 0.8824 | Val MAE: 0.60
Epoch 015 | Loss: 0.2580 (R:0.0416 P:0.4619 S:0.006199) | Val Tau: 0.8685 | Val MAE: 0.58
Epoch 016 | Loss: 0.2586 (R:0.0409 P:0.4642 S:0.006110) | Val Tau: 0.8909 | Val MAE: 0.59
Epoch 017 | Loss: 0.2581 (R:0.0408 P:0.4633 S:0.006045) | Val Tau: 0.8903 | Val MAE: 0.59
Epoch 018 | Loss: 0.2573 (R:0.0412 P:0.4615 S:0.005997) | Val Tau: 0.8830 | Val MAE: 0.56
Epoch 019 | Loss: 0.2572 (R:0.0409 P:0.4616 S:0.005918) | Val Tau: 0.8818 | Val MAE: 0.58
Epoch 020 | Loss: 0.2578 (R:0.0405 P:0.4634 S:0.005853) | Val Tau: 0.8812 | Val MAE: 0.58
Epoch 021 | Loss: 0.2570 (R:0.0408 P:0.4616 S:0.005790) | Val Tau: 0.8891 | Val MAE: 0.58
Epoch 022 | Loss: 0.2559 (R:0.0401 P:0.4603 S:0.005661) | Val Tau: 0.8885 | Val MAE: 0.57
Epoch 023 | Loss: 0.2559 (R:0.0399 P:0.4607 S:0.005612) | Val Tau: 0.8842 | Val MAE: 0.56
Epoch 024 | Loss: 0.2561 (R:0.0400 P:0.4611 S:0.005587) | Val Tau: 0.9055 | Val MAE: 0.58
  ^ New best!
Epoch 025 | Loss: 0.2551 (R:0.0401 P:0.4589 S:0.005542) | Val Tau: 0.8867 | Val MAE: 0.57
Best Val Tau: 0.9055 | Best Val MAE: 0.58
  exp1: 00:05:34
Saved ./models/exp1_final_model.pth

============================================================
>>> TRAINING ON exp2
============================================================
Fitting standardizer on ./train/exp2...
Training files: 950, Validation files: 50
Loading 950 files...
Loaded 950 valid datasets.
Using UnifiedTransformer (n_bio=12)
Epoch 001 | Loss: 0.3855 (R:0.0827 P:0.5701 S:0.059043) | Val Tau: 0.6679 | Val MAE: 1.45
  ^ New best!
Epoch 002 | Loss: 0.3051 (R:0.0549 P:0.5002 S:0.027563) | Val Tau: 0.7218 | Val MAE: 1.20
  ^ New best!
Epoch 003 | Loss: 0.2927 (R:0.0516 P:0.4944 S:0.019749) | Val Tau: 0.7442 | Val MAE: 1.11
  ^ New best!
Epoch 004 | Loss: 0.2881 (R:0.0498 P:0.4913 S:0.017516) | Val Tau: 0.7285 | Val MAE: 1.06
Epoch 005 | Loss: 0.2842 (R:0.0490 P:0.4889 S:0.015251) | Val Tau: 0.7606 | Val MAE: 0.95
  ^ New best!
Epoch 006 | Loss: 0.2811 (R:0.0489 P:0.4856 S:0.013841) | Val Tau: 0.7909 | Val MAE: 0.92
  ^ New best!
Epoch 007 | Loss: 0.2782 (R:0.0480 P:0.4823 S:0.013063) | Val Tau: 0.7842 | Val MAE: 0.93
Epoch 008 | Loss: 0.2769 (R:0.0475 P:0.4815 S:0.012434) | Val Tau: 0.7612 | Val MAE: 0.88
Epoch 009 | Loss: 0.2757 (R:0.0463 P:0.4812 S:0.011924) | Val Tau: 0.7958 | Val MAE: 0.90
  ^ New best!
Epoch 010 | Loss: 0.2756 (R:0.0466 P:0.4817 S:0.011492) | Val Tau: 0.7982 | Val MAE: 0.88
  ^ New best!
Epoch 011 | Loss: 0.2746 (R:0.0460 P:0.4808 S:0.011156) | Val Tau: 0.7836 | Val MAE: 0.85
Epoch 012 | Loss: 0.2744 (R:0.0456 P:0.4814 S:0.010873) | Val Tau: 0.7842 | Val MAE: 0.86
Epoch 013 | Loss: 0.2734 (R:0.0455 P:0.4801 S:0.010609) | Val Tau: 0.7939 | Val MAE: 0.86
Epoch 014 | Loss: 0.2723 (R:0.0459 P:0.4780 S:0.010394) | Val Tau: 0.8073 | Val MAE: 0.85
  ^ New best!
Epoch 015 | Loss: 0.2729 (R:0.0451 P:0.4804 S:0.010153) | Val Tau: 0.8048 | Val MAE: 0.86
Epoch 016 | Loss: 0.2706 (R:0.0456 P:0.4756 S:0.009978) | Val Tau: 0.7994 | Val MAE: 0.85
Epoch 017 | Loss: 0.2712 (R:0.0446 P:0.4783 S:0.009812) | Val Tau: 0.7964 | Val MAE: 0.84
Epoch 018 | Loss: 0.2709 (R:0.0439 P:0.4787 S:0.009627) | Val Tau: 0.8158 | Val MAE: 0.86
  ^ New best!
Epoch 019 | Loss: 0.2696 (R:0.0449 P:0.4753 S:0.009506) | Val Tau: 0.8121 | Val MAE: 0.86
Epoch 020 | Loss: 0.2694 (R:0.0443 P:0.4757 S:0.009376) | Val Tau: 0.7927 | Val MAE: 0.86
Epoch 021 | Loss: 0.2699 (R:0.0437 P:0.4776 S:0.009231) | Val Tau: 0.8261 | Val MAE: 0.86
  ^ New best!
Epoch 022 | Loss: 0.2681 (R:0.0446 P:0.4733 S:0.009128) | Val Tau: 0.7933 | Val MAE: 0.84
Epoch 023 | Loss: 0.2680 (R:0.0439 P:0.4740 S:0.008994) | Val Tau: 0.7976 | Val MAE: 0.85
Epoch 024 | Loss: 0.2682 (R:0.0431 P:0.4756 S:0.008856) | Val Tau: 0.8327 | Val MAE: 0.84
  ^ New best!
Epoch 025 | Loss: 0.2670 (R:0.0438 P:0.4726 S:0.008786) | Val Tau: 0.8103 | Val MAE: 0.87
Best Val Tau: 0.8327 | Best Val MAE: 0.84
  exp2: 00:05:39
Saved ./models/exp2_final_model.pth

============================================================
>>> TRAINING ON exp3
============================================================
Fitting standardizer on ./train/exp3...
Training files: 950, Validation files: 50
Loading 950 files...
Loaded 950 valid datasets.
Using UnifiedTransformer (n_bio=12)
Epoch 001 | Loss: 0.3799 (R:0.0663 P:0.5270 S:0.083232) | Val Tau: 0.8836 | Val MAE: 1.82
  ^ New best!
Epoch 002 | Loss: 0.2897 (R:0.0458 P:0.4679 S:0.032889) | Val Tau: 0.8933 | Val MAE: 1.14
  ^ New best!
Epoch 003 | Loss: 0.2706 (R:0.0446 P:0.4625 S:0.017037) | Val Tau: 0.8879 | Val MAE: 0.91
Epoch 004 | Loss: 0.2638 (R:0.0430 P:0.4615 S:0.011618) | Val Tau: 0.9267 | Val MAE: 0.76
  ^ New best!
Epoch 005 | Loss: 0.2623 (R:0.0421 P:0.4632 S:0.009631) | Val Tau: 0.9376 | Val MAE: 0.69
  ^ New best!
Epoch 006 | Loss: 0.2594 (R:0.0422 P:0.4590 S:0.008804) | Val Tau: 0.9285 | Val MAE: 0.65
Epoch 007 | Loss: 0.2591 (R:0.0417 P:0.4597 S:0.008418) | Val Tau: 0.9285 | Val MAE: 0.68
Epoch 008 | Loss: 0.2576 (R:0.0418 P:0.4570 S:0.008172) | Val Tau: 0.9127 | Val MAE: 0.66
Epoch 009 | Loss: 0.2574 (R:0.0413 P:0.4574 S:0.008039) | Val Tau: 0.9133 | Val MAE: 0.64
Epoch 010 | Loss: 0.2573 (R:0.0412 P:0.4575 S:0.007902) | Val Tau: 0.9248 | Val MAE: 0.64
Epoch 011 | Loss: 0.2578 (R:0.0405 P:0.4595 S:0.007802) | Val Tau: 0.9297 | Val MAE: 0.63
Epoch 012 | Loss: 0.2570 (R:0.0409 P:0.4577 S:0.007694) | Val Tau: 0.9133 | Val MAE: 0.61
Epoch 013 | Loss: 0.2569 (R:0.0406 P:0.4579 S:0.007622) | Val Tau: 0.9255 | Val MAE: 0.62
Epoch 014 | Loss: 0.2560 (R:0.0409 P:0.4561 S:0.007560) | Val Tau: 0.8921 | Val MAE: 0.62
Epoch 015 | Loss: 0.2558 (R:0.0405 P:0.4560 S:0.007488) | Val Tau: 0.9448 | Val MAE: 0.62
  ^ New best!
Epoch 016 | Loss: 0.2551 (R:0.0406 P:0.4549 S:0.007396) | Val Tau: 0.9218 | Val MAE: 0.61
Epoch 017 | Loss: 0.2571 (R:0.0400 P:0.4595 S:0.007330) | Val Tau: 0.9303 | Val MAE: 0.61
Epoch 018 | Loss: 0.2558 (R:0.0401 P:0.4570 S:0.007253) | Val Tau: 0.9370 | Val MAE: 0.61
Epoch 019 | Loss: 0.2551 (R:0.0402 P:0.4556 S:0.007175) | Val Tau: 0.9339 | Val MAE: 0.61
Epoch 020 | Loss: 0.2545 (R:0.0399 P:0.4550 S:0.007095) | Val Tau: 0.9327 | Val MAE: 0.61
Epoch 021 | Loss: 0.2534 (R:0.0404 P:0.4524 S:0.007032) | Val Tau: 0.9364 | Val MAE: 0.60
Epoch 022 | Loss: 0.2551 (R:0.0395 P:0.4567 S:0.006955) | Val Tau: 0.9473 | Val MAE: 0.59
  ^ New best!
Epoch 023 | Loss: 0.2545 (R:0.0395 P:0.4558 S:0.006878) | Val Tau: 0.9406 | Val MAE: 0.62
Epoch 024 | Loss: 0.2546 (R:0.0399 P:0.4556 S:0.006816) | Val Tau: 0.9412 | Val MAE: 0.61
Epoch 025 | Loss: 0.2544 (R:0.0393 P:0.4561 S:0.006723) | Val Tau: 0.9485 | Val MAE: 0.62
  ^ New best!
Best Val Tau: 0.9485 | Best Val MAE: 0.62
  exp3: 00:05:39
Saved ./models/exp3_final_model.pth

============================================================
>>> TRAINING ON exp4
============================================================
Fitting standardizer on ./train/exp4...
Training files: 950, Validation files: 50
Loading 950 files...
Loaded 950 valid datasets.
Using UnifiedTransformer (n_bio=12)
Epoch 001 | Loss: 0.4389 (R:0.0784 P:0.5897 S:0.104905) | Val Tau: 0.7000 | Val MAE: 1.97
  ^ New best!
Epoch 002 | Loss: 0.3247 (R:0.0552 P:0.5022 S:0.046001) | Val Tau: 0.7776 | Val MAE: 1.63
  ^ New best!
Epoch 003 | Loss: 0.3010 (R:0.0507 P:0.4955 S:0.027885) | Val Tau: 0.7885 | Val MAE: 1.23
  ^ New best!
Epoch 004 | Loss: 0.2905 (R:0.0496 P:0.4882 S:0.021534) | Val Tau: 0.7952 | Val MAE: 1.08
  ^ New best!
Epoch 005 | Loss: 0.2860 (R:0.0482 P:0.4862 S:0.018804) | Val Tau: 0.8297 | Val MAE: 1.04
  ^ New best!
Epoch 006 | Loss: 0.2848 (R:0.0474 P:0.4876 S:0.017361) | Val Tau: 0.8218 | Val MAE: 0.98
Epoch 007 | Loss: 0.2811 (R:0.0466 P:0.4826 S:0.016504) | Val Tau: 0.7933 | Val MAE: 0.94
Epoch 008 | Loss: 0.2796 (R:0.0464 P:0.4810 S:0.015913) | Val Tau: 0.8370 | Val MAE: 0.97
  ^ New best!
Epoch 009 | Loss: 0.2785 (R:0.0454 P:0.4807 S:0.015425) | Val Tau: 0.8406 | Val MAE: 0.92
  ^ New best!
Epoch 010 | Loss: 0.2767 (R:0.0455 P:0.4781 S:0.014920) | Val Tau: 0.8418 | Val MAE: 0.92
  ^ New best!
Epoch 011 | Loss: 0.2753 (R:0.0452 P:0.4762 S:0.014553) | Val Tau: 0.8206 | Val MAE: 0.92
Epoch 012 | Loss: 0.2738 (R:0.0452 P:0.4741 S:0.014181) | Val Tau: 0.8473 | Val MAE: 0.89
  ^ New best!
Epoch 013 | Loss: 0.2734 (R:0.0445 P:0.4745 S:0.013953) | Val Tau: 0.8358 | Val MAE: 0.89
Epoch 014 | Loss: 0.2725 (R:0.0445 P:0.4732 S:0.013679) | Val Tau: 0.8588 | Val MAE: 0.88
  ^ New best!
Epoch 015 | Loss: 0.2721 (R:0.0441 P:0.4731 S:0.013474) | Val Tau: 0.8588 | Val MAE: 0.89
  ^ New best!
Epoch 016 | Loss: 0.2710 (R:0.0441 P:0.4712 S:0.013293) | Val Tau: 0.8164 | Val MAE: 0.87
Epoch 017 | Loss: 0.2712 (R:0.0439 P:0.4724 S:0.013078) | Val Tau: 0.8733 | Val MAE: 0.88
  ^ New best!
Epoch 018 | Loss: 0.2709 (R:0.0433 P:0.4727 S:0.012930) | Val Tau: 0.8533 | Val MAE: 0.88
Epoch 019 | Loss: 0.2695 (R:0.0434 P:0.4701 S:0.012741) | Val Tau: 0.8600 | Val MAE: 0.86
Epoch 020 | Loss: 0.2695 (R:0.0432 P:0.4707 S:0.012540) | Val Tau: 0.8424 | Val MAE: 0.87
Epoch 021 | Loss: 0.2692 (R:0.0428 P:0.4709 S:0.012379) | Val Tau: 0.8715 | Val MAE: 0.87
Epoch 022 | Loss: 0.2693 (R:0.0424 P:0.4718 S:0.012232) | Val Tau: 0.8582 | Val MAE: 0.87
Epoch 023 | Loss: 0.2681 (R:0.0425 P:0.4694 S:0.012077) | Val Tau: 0.8479 | Val MAE: 0.88
Epoch 024 | Loss: 0.2670 (R:0.0424 P:0.4678 S:0.011955) | Val Tau: 0.8824 | Val MAE: 0.86
  ^ New best!
Epoch 025 | Loss: 0.2686 (R:0.0415 P:0.4721 S:0.011763) | Val Tau: 0.8545 | Val MAE: 0.88
Best Val Tau: 0.8824 | Best Val MAE: 0.86
  exp4: 00:05:39
Saved ./models/exp4_final_model.pth

============================================================
>>> TRAINING ON exp5
============================================================
Fitting standardizer on ./train/exp5...
Training files: 950, Validation files: 50
Loading 950 files...
Loaded 950 valid datasets.
Using UnifiedTransformer (n_bio=12)
Epoch 001 | Loss: 0.4154 (R:0.0645 P:0.5326 S:0.116865) | Val Tau: 0.7861 | Val MAE: 2.56
  ^ New best!
Epoch 002 | Loss: 0.3028 (R:0.0488 P:0.4822 S:0.037283) | Val Tau: 0.8055 | Val MAE: 1.46
  ^ New best!
Epoch 003 | Loss: 0.2851 (R:0.0457 P:0.4785 S:0.022983) | Val Tau: 0.8436 | Val MAE: 1.21
  ^ New best!
Epoch 004 | Loss: 0.2818 (R:0.0453 P:0.4751 S:0.021571) | Val Tau: 0.8582 | Val MAE: 1.15
  ^ New best!
Epoch 005 | Loss: 0.2708 (R:0.0434 P:0.4738 S:0.012184) | Val Tau: 0.8770 | Val MAE: 0.76
  ^ New best!
Epoch 006 | Loss: 0.2668 (R:0.0435 P:0.4716 S:0.009214) | Val Tau: 0.8691 | Val MAE: 0.73
Epoch 007 | Loss: 0.2642 (R:0.0438 P:0.4684 S:0.008086) | Val Tau: 0.8770 | Val MAE: 0.63
  ^ New best!
Epoch 008 | Loss: 0.2636 (R:0.0429 P:0.4691 S:0.007629) | Val Tau: 0.8709 | Val MAE: 0.63
Epoch 009 | Loss: 0.2633 (R:0.0428 P:0.4690 S:0.007404) | Val Tau: 0.8697 | Val MAE: 0.62
Epoch 010 | Loss: 0.2631 (R:0.0427 P:0.4690 S:0.007262) | Val Tau: 0.8230 | Val MAE: 0.62
Epoch 011 | Loss: 0.2617 (R:0.0427 P:0.4664 S:0.007161) | Val Tau: 0.8733 | Val MAE: 0.63
Epoch 012 | Loss: 0.2612 (R:0.0424 P:0.4659 S:0.007066) | Val Tau: 0.8570 | Val MAE: 0.61
Epoch 013 | Loss: 0.2616 (R:0.0419 P:0.4672 S:0.007004) | Val Tau: 0.8867 | Val MAE: 0.61
  ^ New best!
Epoch 014 | Loss: 0.2620 (R:0.0419 P:0.4681 S:0.006962) | Val Tau: 0.8436 | Val MAE: 0.62
Epoch 015 | Loss: 0.2609 (R:0.0421 P:0.4659 S:0.006896) | Val Tau: 0.8667 | Val MAE: 0.62
Epoch 016 | Loss: 0.2595 (R:0.0422 P:0.4631 S:0.006866) | Val Tau: 0.8830 | Val MAE: 0.61
Epoch 017 | Loss: 0.2601 (R:0.0418 P:0.4648 S:0.006817) | Val Tau: 0.8782 | Val MAE: 0.61
Epoch 018 | Loss: 0.2593 (R:0.0420 P:0.4630 S:0.006786) | Val Tau: 0.8830 | Val MAE: 0.60
Epoch 019 | Loss: 0.2608 (R:0.0412 P:0.4669 S:0.006748) | Val Tau: 0.8527 | Val MAE: 0.61
Epoch 020 | Loss: 0.2600 (R:0.0414 P:0.4652 S:0.006705) | Val Tau: 0.8806 | Val MAE: 0.62
Epoch 021 | Loss: 0.2595 (R:0.0414 P:0.4643 S:0.006684) | Val Tau: 0.8915 | Val MAE: 0.61
  ^ New best!
Epoch 022 | Loss: 0.2596 (R:0.0413 P:0.4647 S:0.006647) | Val Tau: 0.9091 | Val MAE: 0.61
  ^ New best!
Epoch 023 | Loss: 0.2597 (R:0.0413 P:0.4649 S:0.006615) | Val Tau: 0.8788 | Val MAE: 0.62
Epoch 024 | Loss: 0.2604 (R:0.0411 P:0.4666 S:0.006576) | Val Tau: 0.8830 | Val MAE: 0.61
Epoch 025 | Loss: 0.2591 (R:0.0413 P:0.4638 S:0.006547) | Val Tau: 0.8752 | Val MAE: 0.62
Best Val Tau: 0.9091 | Best Val MAE: 0.61
  exp5: 00:05:38
Saved ./models/exp5_final_model.pth

============================================================
>>> TRAINING ON exp6
============================================================
Fitting standardizer on ./train/exp6...
Training files: 950, Validation files: 50
Loading 950 files...
Loaded 950 valid datasets.
Using UnifiedTransformer (n_bio=12)
Epoch 001 | Loss: 0.4126 (R:0.0645 P:0.5287 S:0.115968) | Val Tau: 0.7491 | Val MAE: 1.94
  ^ New best!
Epoch 002 | Loss: 0.3043 (R:0.0500 P:0.4855 S:0.036519) | Val Tau: 0.7855 | Val MAE: 1.44
  ^ New best!
Epoch 003 | Loss: 0.2856 (R:0.0485 P:0.4816 S:0.020538) | Val Tau: 0.7958 | Val MAE: 1.00
  ^ New best!
Epoch 004 | Loss: 0.2759 (R:0.0465 P:0.4819 S:0.011716) | Val Tau: 0.8473 | Val MAE: 0.72
  ^ New best!
Epoch 005 | Loss: 0.2698 (R:0.0462 P:0.4760 S:0.008714) | Val Tau: 0.7988 | Val MAE: 0.70
Epoch 006 | Loss: 0.2674 (R:0.0461 P:0.4731 S:0.007847) | Val Tau: 0.8297 | Val MAE: 0.59
Epoch 007 | Loss: 0.2674 (R:0.0450 P:0.4751 S:0.007342) | Val Tau: 0.8527 | Val MAE: 0.58
  ^ New best!
Epoch 008 | Loss: 0.2655 (R:0.0451 P:0.4719 S:0.007054) | Val Tau: 0.8479 | Val MAE: 0.57
Epoch 009 | Loss: 0.2653 (R:0.0445 P:0.4725 S:0.006816) | Val Tau: 0.8242 | Val MAE: 0.57
Epoch 010 | Loss: 0.2639 (R:0.0450 P:0.4695 S:0.006649) | Val Tau: 0.8539 | Val MAE: 0.55
  ^ New best!
Epoch 011 | Loss: 0.2641 (R:0.0438 P:0.4715 S:0.006494) | Val Tau: 0.8436 | Val MAE: 0.53
Epoch 012 | Loss: 0.2648 (R:0.0437 P:0.4731 S:0.006383) | Val Tau: 0.8388 | Val MAE: 0.54
Epoch 013 | Loss: 0.2653 (R:0.0427 P:0.4755 S:0.006253) | Val Tau: 0.8618 | Val MAE: 0.52
  ^ New best!
Epoch 014 | Loss: 0.2643 (R:0.0430 P:0.4733 S:0.006173) | Val Tau: 0.8558 | Val MAE: 0.52
Epoch 015 | Loss: 0.2632 (R:0.0432 P:0.4710 S:0.006089) | Val Tau: 0.8297 | Val MAE: 0.52
Epoch 016 | Loss: 0.2633 (R:0.0432 P:0.4714 S:0.006009) | Val Tau: 0.8515 | Val MAE: 0.51
Epoch 017 | Loss: 0.2619 (R:0.0432 P:0.4687 S:0.005923) | Val Tau: 0.8515 | Val MAE: 0.50
Epoch 018 | Loss: 0.2623 (R:0.0428 P:0.4701 S:0.005857) | Val Tau: 0.8533 | Val MAE: 0.50
Epoch 019 | Loss: 0.2617 (R:0.0427 P:0.4692 S:0.005776) | Val Tau: 0.8485 | Val MAE: 0.51
Epoch 020 | Loss: 0.2614 (R:0.0430 P:0.4684 S:0.005714) | Val Tau: 0.8703 | Val MAE: 0.51
  ^ New best!
Epoch 021 | Loss: 0.2622 (R:0.0425 P:0.4706 S:0.005647) | Val Tau: 0.8588 | Val MAE: 0.52
Epoch 022 | Loss: 0.2618 (R:0.0429 P:0.4694 S:0.005589) | Val Tau: 0.8545 | Val MAE: 0.51
Epoch 023 | Loss: 0.2610 (R:0.0425 P:0.4685 S:0.005525) | Val Tau: 0.8370 | Val MAE: 0.50
Epoch 024 | Loss: 0.2614 (R:0.0425 P:0.4693 S:0.005479) | Val Tau: 0.8582 | Val MAE: 0.50
Epoch 025 | Loss: 0.2606 (R:0.0427 P:0.4676 S:0.005418) | Val Tau: 0.8509 | Val MAE: 0.50
Best Val Tau: 0.8703 | Best Val MAE: 0.51
  exp6: 00:05:39
Saved ./models/exp6_final_model.pth

============================================================
>>> TRAINING ON exp7
============================================================
Fitting standardizer on ./train/exp7...
Training files: 950, Validation files: 50
Loading 950 files...
Loaded 950 valid datasets.
Using UnifiedTransformer (n_bio=12)
Epoch 001 | Loss: 0.4711 (R:0.0781 P:0.5890 S:0.137555) | Val Tau: 0.6188 | Val MAE: 3.57
  ^ New best!
Epoch 002 | Loss: 0.3556 (R:0.0613 P:0.5310 S:0.059474) | Val Tau: 0.6685 | Val MAE: 1.45
  ^ New best!
Epoch 003 | Loss: 0.3097 (R:0.0566 P:0.5124 S:0.025186) | Val Tau: 0.7055 | Val MAE: 1.22
  ^ New best!
Epoch 004 | Loss: 0.3035 (R:0.0530 P:0.5104 S:0.021824) | Val Tau: 0.7430 | Val MAE: 1.21
  ^ New best!
Epoch 005 | Loss: 0.2978 (R:0.0522 P:0.5027 S:0.020352) | Val Tau: 0.7400 | Val MAE: 1.09
Epoch 006 | Loss: 0.2903 (R:0.0514 P:0.5000 S:0.014628) | Val Tau: 0.7388 | Val MAE: 0.88
Epoch 007 | Loss: 0.2869 (R:0.0507 P:0.4979 S:0.012613) | Val Tau: 0.7321 | Val MAE: 0.85
Epoch 008 | Loss: 0.2857 (R:0.0503 P:0.4974 S:0.011835) | Val Tau: 0.7491 | Val MAE: 0.78
  ^ New best!
Epoch 009 | Loss: 0.2827 (R:0.0499 P:0.4926 S:0.011400) | Val Tau: 0.7503 | Val MAE: 0.78
  ^ New best!
Epoch 010 | Loss: 0.2823 (R:0.0494 P:0.4931 S:0.011069) | Val Tau: 0.7794 | Val MAE: 0.78
  ^ New best!
Epoch 011 | Loss: 0.2823 (R:0.0485 P:0.4945 S:0.010793) | Val Tau: 0.7855 | Val MAE: 0.77
  ^ New best!
Epoch 012 | Loss: 0.2797 (R:0.0487 P:0.4897 S:0.010472) | Val Tau: 0.7618 | Val MAE: 0.76
Epoch 013 | Loss: 0.2800 (R:0.0481 P:0.4915 S:0.010226) | Val Tau: 0.7703 | Val MAE: 0.76
Epoch 014 | Loss: 0.2778 (R:0.0478 P:0.4878 S:0.010030) | Val Tau: 0.7818 | Val MAE: 0.75
Epoch 015 | Loss: 0.2783 (R:0.0473 P:0.4897 S:0.009822) | Val Tau: 0.7758 | Val MAE: 0.75
Epoch 016 | Loss: 0.2785 (R:0.0475 P:0.4902 S:0.009681) | Val Tau: 0.7782 | Val MAE: 0.75
Epoch 017 | Loss: 0.2768 (R:0.0477 P:0.4869 S:0.009518) | Val Tau: 0.7800 | Val MAE: 0.72
Epoch 018 | Loss: 0.2777 (R:0.0467 P:0.4899 S:0.009382) | Val Tau: 0.7964 | Val MAE: 0.74
  ^ New best!
Epoch 019 | Loss: 0.2750 (R:0.0472 P:0.4843 S:0.009272) | Val Tau: 0.7812 | Val MAE: 0.72
Epoch 020 | Loss: 0.2758 (R:0.0469 P:0.4863 S:0.009135) | Val Tau: 0.7964 | Val MAE: 0.72
  ^ New best!
Epoch 021 | Loss: 0.2748 (R:0.0468 P:0.4848 S:0.008988) | Val Tau: 0.7812 | Val MAE: 0.72
Epoch 022 | Loss: 0.2739 (R:0.0464 P:0.4836 S:0.008902) | Val Tau: 0.7764 | Val MAE: 0.72
Epoch 023 | Loss: 0.2735 (R:0.0464 P:0.4830 S:0.008785) | Val Tau: 0.7758 | Val MAE: 0.72
Epoch 024 | Loss: 0.2733 (R:0.0464 P:0.4829 S:0.008698) | Val Tau: 0.8036 | Val MAE: 0.74
  ^ New best!
Epoch 025 | Loss: 0.2726 (R:0.0462 P:0.4818 S:0.008573) | Val Tau: 0.7818 | Val MAE: 0.73
Best Val Tau: 0.8036 | Best Val MAE: 0.74
  exp7: 00:05:38
Saved ./models/exp7_final_model.pth

============================================================
>>> TRAINING ON exp8
============================================================
Fitting standardizer on ./train/exp8...
Training files: 950, Validation files: 50
Loading 950 files...
Loaded 950 valid datasets.
Using UnifiedTransformer (n_bio=12)
Epoch 001 | Loss: 0.2534 (R:0.0308 P:0.0546 S:0.210691) | Val Tau: 0.7248 | Val MAE: 4.54
  ^ New best!
Epoch 002 | Loss: 0.1193 (R:0.0148 P:0.0282 S:0.097834) | Val Tau: 0.7994 | Val MAE: 2.39
  ^ New best!
Epoch 003 | Loss: 0.0681 (R:0.0110 P:0.0209 S:0.052109) | Val Tau: 0.8115 | Val MAE: 2.02
  ^ New best!
Epoch 004 | Loss: 0.0561 (R:0.0099 P:0.0185 S:0.041924) | Val Tau: 0.8109 | Val MAE: 1.79
Epoch 005 | Loss: 0.0538 (R:0.0089 P:0.0175 S:0.040604) | Val Tau: 0.8024 | Val MAE: 1.77
Epoch 006 | Loss: 0.0530 (R:0.0086 P:0.0165 S:0.040490) | Val Tau: 0.8321 | Val MAE: 1.76
  ^ New best!
Epoch 007 | Loss: 0.0518 (R:0.0084 P:0.0163 S:0.039435) | Val Tau: 0.8182 | Val MAE: 1.41
Epoch 008 | Loss: 0.0290 (R:0.0081 P:0.0158 S:0.017037) | Val Tau: 0.8309 | Val MAE: 0.90
Epoch 009 | Loss: 0.0248 (R:0.0079 P:0.0152 S:0.013303) | Val Tau: 0.8309 | Val MAE: 0.88
Epoch 010 | Loss: 0.0236 (R:0.0078 P:0.0149 S:0.012303) | Val Tau: 0.8412 | Val MAE: 0.85
  ^ New best!
Epoch 011 | Loss: 0.0229 (R:0.0076 P:0.0148 S:0.011690) | Val Tau: 0.8321 | Val MAE: 0.84
Epoch 012 | Loss: 0.0222 (R:0.0074 P:0.0142 S:0.011364) | Val Tau: 0.8321 | Val MAE: 0.81
Epoch 013 | Loss: 0.0218 (R:0.0073 P:0.0141 S:0.011155) | Val Tau: 0.8370 | Val MAE: 0.76
Epoch 014 | Loss: 0.0216 (R:0.0073 P:0.0140 S:0.011002) | Val Tau: 0.8267 | Val MAE: 0.76
Epoch 015 | Loss: 0.0214 (R:0.0071 P:0.0139 S:0.010903) | Val Tau: 0.8358 | Val MAE: 0.77
Epoch 016 | Loss: 0.0212 (R:0.0071 P:0.0135 S:0.010837) | Val Tau: 0.8521 | Val MAE: 0.75
  ^ New best!
Epoch 017 | Loss: 0.0210 (R:0.0069 P:0.0135 S:0.010774) | Val Tau: 0.8370 | Val MAE: 0.73
Epoch 018 | Loss: 0.0207 (R:0.0069 P:0.0133 S:0.010617) | Val Tau: 0.8485 | Val MAE: 0.75
Epoch 019 | Loss: 0.0206 (R:0.0069 P:0.0132 S:0.010558) | Val Tau: 0.8261 | Val MAE: 0.74
Epoch 020 | Loss: 0.0205 (R:0.0068 P:0.0132 S:0.010506) | Val Tau: 0.8327 | Val MAE: 0.77
Epoch 021 | Loss: 0.0203 (R:0.0067 P:0.0132 S:0.010425) | Val Tau: 0.8473 | Val MAE: 0.75
Epoch 022 | Loss: 0.0201 (R:0.0065 P:0.0129 S:0.010384) | Val Tau: 0.8485 | Val MAE: 0.75
Epoch 023 | Loss: 0.0199 (R:0.0065 P:0.0127 S:0.010285) | Val Tau: 0.8570 | Val MAE: 0.75
  ^ New best!
Epoch 024 | Loss: 0.0198 (R:0.0065 P:0.0126 S:0.010235) | Val Tau: 0.8182 | Val MAE: 0.76
Epoch 025 | Loss: 0.0198 (R:0.0065 P:0.0126 S:0.010196) | Val Tau: 0.8267 | Val MAE: 0.75
Best Val Tau: 0.8570 | Best Val MAE: 0.75
  exp8: 00:05:39
Saved ./models/exp8_final_model.pth

============================================================
>>> TRAINING ON exp9
============================================================
Fitting standardizer on ./train/exp9...
Training files: 950, Validation files: 50
Loading 950 files...
Loaded 950 valid datasets.
Using UnifiedTransformer (n_bio=12)
Epoch 001 | Loss: 0.2429 (R:0.0305 P:0.0502 S:0.202558) | Val Tau: 0.7103 | Val MAE: 3.51
  ^ New best!
Epoch 002 | Loss: 0.1116 (R:0.0146 P:0.0279 S:0.090313) | Val Tau: 0.7576 | Val MAE: 2.39
  ^ New best!
Epoch 003 | Loss: 0.0698 (R:0.0128 P:0.0246 S:0.051115) | Val Tau: 0.7782 | Val MAE: 1.85
  ^ New best!
Epoch 004 | Loss: 0.0423 (R:0.0116 P:0.0222 S:0.025346) | Val Tau: 0.7855 | Val MAE: 1.09
  ^ New best!
Epoch 005 | Loss: 0.0316 (R:0.0109 P:0.0211 S:0.015598) | Val Tau: 0.7758 | Val MAE: 1.02
Epoch 006 | Loss: 0.0280 (R:0.0104 P:0.0208 S:0.012442) | Val Tau: 0.7915 | Val MAE: 0.80
  ^ New best!
Epoch 007 | Loss: 0.0264 (R:0.0101 P:0.0198 S:0.011489) | Val Tau: 0.7642 | Val MAE: 0.80
Epoch 008 | Loss: 0.0258 (R:0.0100 P:0.0196 S:0.011021) | Val Tau: 0.8127 | Val MAE: 0.80
  ^ New best!
Epoch 009 | Loss: 0.0248 (R:0.0096 P:0.0185 S:0.010737) | Val Tau: 0.8042 | Val MAE: 0.74
Epoch 010 | Loss: 0.0245 (R:0.0094 P:0.0185 S:0.010556) | Val Tau: 0.8085 | Val MAE: 0.72
Epoch 011 | Loss: 0.0241 (R:0.0093 P:0.0182 S:0.010384) | Val Tau: 0.8024 | Val MAE: 0.70
Epoch 012 | Loss: 0.0238 (R:0.0092 P:0.0180 S:0.010232) | Val Tau: 0.7885 | Val MAE: 0.71
Epoch 013 | Loss: 0.0235 (R:0.0091 P:0.0178 S:0.010090) | Val Tau: 0.8079 | Val MAE: 0.70
Epoch 014 | Loss: 0.0231 (R:0.0090 P:0.0174 S:0.009963) | Val Tau: 0.8036 | Val MAE: 0.70
Epoch 015 | Loss: 0.0228 (R:0.0088 P:0.0171 S:0.009843) | Val Tau: 0.7794 | Val MAE: 0.70
Epoch 016 | Loss: 0.0232 (R:0.0088 P:0.0179 S:0.009770) | Val Tau: 0.7994 | Val MAE: 0.71
Epoch 017 | Loss: 0.0225 (R:0.0087 P:0.0169 S:0.009702) | Val Tau: 0.8042 | Val MAE: 0.70
Epoch 018 | Loss: 0.0222 (R:0.0086 P:0.0166 S:0.009571) | Val Tau: 0.8170 | Val MAE: 0.70
  ^ New best!
Epoch 019 | Loss: 0.0222 (R:0.0085 P:0.0169 S:0.009544) | Val Tau: 0.8018 | Val MAE: 0.72
Epoch 020 | Loss: 0.0221 (R:0.0085 P:0.0168 S:0.009433) | Val Tau: 0.8042 | Val MAE: 0.70
Epoch 021 | Loss: 0.0218 (R:0.0084 P:0.0165 S:0.009359) | Val Tau: 0.7867 | Val MAE: 0.70
Epoch 022 | Loss: 0.0218 (R:0.0084 P:0.0167 S:0.009280) | Val Tau: 0.8109 | Val MAE: 0.70
Epoch 023 | Loss: 0.0215 (R:0.0083 P:0.0163 S:0.009185) | Val Tau: 0.8006 | Val MAE: 0.69
Epoch 024 | Loss: 0.0213 (R:0.0082 P:0.0161 S:0.009116) | Val Tau: 0.7933 | Val MAE: 0.70
Epoch 025 | Loss: 0.0213 (R:0.0082 P:0.0163 S:0.009038) | Val Tau: 0.7909 | Val MAE: 0.69
Best Val Tau: 0.8170 | Best Val MAE: 0.70
  exp9: 00:05:38
Saved ./models/exp9_final_model.pth
